2014-04-26T04:17:15.933Z - Failure: Error: Cannot find module './mods/_info'
2014-04-26T04:17:15.933Z - Warning: Sorry, can't load _info mod :(
2014-04-26T04:17:15.934Z - Failure: Error: Cannot find module './mods/_me'
2014-04-26T04:17:15.934Z - Warning: Sorry, can't load _me mod :(
2014-04-26T04:17:15.934Z - Failure: Error: Cannot find module './mods/_chat'
2014-04-26T04:17:15.934Z - Warning: Sorry, can't load _chat mod :(
2014-04-26T04:17:15.934Z - Failure: Error: Cannot find module './mods/_injector'
2014-04-26T04:17:15.934Z - Warning: Sorry, can't load _injector mod :(
2014-04-26T04:17:15.934Z - Failure: Error: Cannot find module './mods/_players'
2014-04-26T04:17:15.935Z - Warning: Sorry, can't load _players mod :(
2014-04-26T04:17:15.935Z - Failure: Error: Cannot find module './mods/_ranks_mongo'
2014-04-26T04:17:15.935Z - Warning: Sorry, can't load _ranks_mongo mod :(
2014-04-26T04:17:15.935Z - Failure: Error: Cannot find module './mods/_counter'
2014-04-26T04:17:15.935Z - Warning: Sorry, can't load _counter mod :(
2014-04-26T04:17:15.935Z - Failure: Error: Cannot find module './mods/_commands'
2014-04-26T04:17:15.935Z - Warning: Sorry, can't load _commands mod :(
2014-04-26T04:17:15.936Z - Failure: Error: Cannot find module './mods/_beginner'
2014-04-26T04:17:15.936Z - Warning: Sorry, can't load _beginner mod :(
2014-04-26T04:22:58.900Z - Warning: Connection with server is lost.
2014-04-26T04:22:58.901Z - Warning: Reconnecting in 5 seconds...
