2014-04-26T03:11:47.009Z - Failure: Error: Cannot find module './mods/_info'
2014-04-26T03:11:47.010Z - Warning: Sorry, can't load _info mod :(
2014-04-26T03:11:47.010Z - Failure: Error: Cannot find module './mods/_me'
2014-04-26T03:11:47.010Z - Warning: Sorry, can't load _me mod :(
2014-04-26T03:11:47.010Z - Failure: Error: Cannot find module './mods/_chat'
2014-04-26T03:11:47.010Z - Warning: Sorry, can't load _chat mod :(
2014-04-26T03:11:47.011Z - Failure: Error: Cannot find module './mods/_injector'
2014-04-26T03:11:47.011Z - Warning: Sorry, can't load _injector mod :(
2014-04-26T03:11:47.011Z - Failure: Error: Cannot find module './mods/_players'
2014-04-26T03:11:47.011Z - Warning: Sorry, can't load _players mod :(
2014-04-26T03:11:47.011Z - Failure: Error: Cannot find module './mods/_ranks_mongo'
2014-04-26T03:11:47.011Z - Warning: Sorry, can't load _ranks_mongo mod :(
2014-04-26T03:11:47.012Z - Failure: Error: Cannot find module './mods/_counter'
2014-04-26T03:11:47.012Z - Warning: Sorry, can't load _counter mod :(
2014-04-26T03:11:47.012Z - Failure: Error: Cannot find module './mods/_commands'
2014-04-26T03:11:47.012Z - Warning: Sorry, can't load _commands mod :(
2014-04-26T03:11:47.012Z - Failure: Error: Cannot find module './mods/_beginner'
2014-04-26T03:11:47.012Z - Warning: Sorry, can't load _beginner mod :(
2014-04-26T03:13:17.246Z - Warning: Connection with server is lost.
2014-04-26T03:13:17.246Z - Warning: Reconnecting in 5 seconds...
2014-04-26T03:13:22.247Z - Warning: Still no connection.
2014-04-26T03:13:22.248Z - Warning: Reconnecting in 5 seconds...
