2014-04-26T04:24:55.086Z - Failure: Error: Cannot find module './mods/_info'
2014-04-26T04:24:55.087Z - Warning: Sorry, can't load _info mod :(
2014-04-26T04:24:55.087Z - Failure: Error: Cannot find module './mods/_me'
2014-04-26T04:24:55.087Z - Warning: Sorry, can't load _me mod :(
2014-04-26T04:24:55.087Z - Failure: Error: Cannot find module './mods/_chat'
2014-04-26T04:24:55.087Z - Warning: Sorry, can't load _chat mod :(
2014-04-26T04:24:55.088Z - Failure: Error: Cannot find module './mods/_injector'
2014-04-26T04:24:55.088Z - Warning: Sorry, can't load _injector mod :(
2014-04-26T04:24:55.088Z - Failure: Error: Cannot find module './mods/_players'
2014-04-26T04:24:55.088Z - Warning: Sorry, can't load _players mod :(
2014-04-26T04:24:55.088Z - Failure: Error: Cannot find module './mods/_ranks_mongo'
2014-04-26T04:24:55.088Z - Warning: Sorry, can't load _ranks_mongo mod :(
2014-04-26T04:24:55.088Z - Failure: Error: Cannot find module './mods/_counter'
2014-04-26T04:24:55.088Z - Warning: Sorry, can't load _counter mod :(
2014-04-26T04:24:55.089Z - Failure: Error: Cannot find module './mods/_commands'
2014-04-26T04:24:55.089Z - Warning: Sorry, can't load _commands mod :(
2014-04-26T04:24:55.089Z - Failure: Error: Cannot find module './mods/_beginner'
2014-04-26T04:24:55.089Z - Warning: Sorry, can't load _beginner mod :(
2014-04-26T04:32:13.695Z - Warning: Connection with server is lost.
2014-04-26T04:32:13.695Z - Warning: Reconnecting in 5 seconds...
2014-04-26T04:32:18.696Z - Warning: Still no connection.
2014-04-26T04:32:18.697Z - Warning: Reconnecting in 5 seconds...
2014-04-26T04:32:23.698Z - Warning: Still no connection.
2014-04-26T04:32:23.698Z - Warning: Reconnecting in 5 seconds...
2014-04-26T04:32:28.698Z - Warning: Still no connection.
2014-04-26T04:32:28.698Z - Warning: Reconnecting in 5 seconds...
2014-04-26T04:32:33.699Z - Warning: Still no connection.
2014-04-26T04:32:33.699Z - Warning: Reconnecting in 5 seconds...
2014-04-26T04:32:38.701Z - Warning: Still no connection.
2014-04-26T04:32:38.702Z - Warning: Reconnecting in 5 seconds...
2014-04-26T04:32:43.706Z - Warning: Still no connection.
2014-04-26T04:32:43.707Z - Warning: Reconnecting in 5 seconds...
2014-04-26T04:32:48.710Z - Warning: Still no connection.
2014-04-26T04:32:48.710Z - Warning: Reconnecting in 5 seconds...
2014-04-26T04:32:53.714Z - Warning: Still no connection.
2014-04-26T04:32:53.714Z - Warning: Reconnecting in 5 seconds...
2014-04-26T04:32:58.718Z - Warning: Still no connection.
2014-04-26T04:32:58.718Z - Warning: Reconnecting in 5 seconds...
2014-04-26T04:33:03.720Z - Warning: Still no connection.
2014-04-26T04:33:03.720Z - Warning: Reconnecting in 5 seconds...
2014-04-26T04:33:08.724Z - Warning: Still no connection.
2014-04-26T04:33:08.724Z - Warning: Reconnecting in 5 seconds...
2014-04-26T04:33:13.725Z - Warning: Still no connection.
2014-04-26T04:33:13.725Z - Warning: Reconnecting in 5 seconds...
2014-04-26T04:33:18.725Z - Warning: Still no connection.
2014-04-26T04:33:18.726Z - Warning: Reconnecting in 5 seconds...
2014-04-26T04:33:23.729Z - Warning: Still no connection.
2014-04-26T04:33:23.729Z - Warning: Reconnecting in 5 seconds...
2014-04-26T04:33:28.733Z - Warning: Still no connection.
2014-04-26T04:33:28.733Z - Warning: Reconnecting in 5 seconds...
2014-04-26T04:33:33.736Z - Warning: Still no connection.
2014-04-26T04:33:33.736Z - Warning: Reconnecting in 5 seconds...
2014-04-26T04:33:38.740Z - Warning: Still no connection.
2014-04-26T04:33:38.742Z - Warning: Reconnecting in 5 seconds...
2014-04-26T04:33:43.743Z - Warning: Still no connection.
2014-04-26T04:33:43.743Z - Warning: Reconnecting in 5 seconds...
2014-04-26T04:33:48.748Z - Warning: Still no connection.
2014-04-26T04:33:48.750Z - Warning: Reconnecting in 5 seconds...
2014-04-26T04:33:53.752Z - Warning: Still no connection.
2014-04-26T04:33:53.752Z - Warning: Reconnecting in 5 seconds...
2014-04-26T04:33:58.753Z - Warning: Still no connection.
2014-04-26T04:33:58.753Z - Warning: Reconnecting in 5 seconds...
2014-04-26T04:34:03.756Z - Warning: Still no connection.
2014-04-26T04:34:03.756Z - Warning: Reconnecting in 5 seconds...
2014-04-26T04:34:08.760Z - Warning: Still no connection.
2014-04-26T04:34:08.760Z - Warning: Reconnecting in 5 seconds...
2014-04-26T04:34:13.761Z - Warning: Still no connection.
2014-04-26T04:34:13.762Z - Warning: Reconnecting in 5 seconds...
2014-04-26T04:34:18.764Z - Warning: Still no connection.
2014-04-26T04:34:18.764Z - Warning: Reconnecting in 5 seconds...
2014-04-26T04:34:23.765Z - Warning: Still no connection.
2014-04-26T04:34:23.765Z - Warning: Reconnecting in 5 seconds...
2014-04-26T04:34:28.770Z - Warning: Still no connection.
2014-04-26T04:34:28.770Z - Warning: Reconnecting in 5 seconds...
2014-04-26T04:34:33.775Z - Warning: Still no connection.
2014-04-26T04:34:33.775Z - Warning: Reconnecting in 5 seconds...
2014-04-26T04:34:38.779Z - Warning: Still no connection.
2014-04-26T04:34:38.779Z - Warning: Reconnecting in 5 seconds...
2014-04-26T04:34:43.779Z - Warning: Still no connection.
2014-04-26T04:34:43.780Z - Warning: Reconnecting in 5 seconds...
2014-04-26T04:34:48.784Z - Warning: Still no connection.
2014-04-26T04:34:48.784Z - Warning: Reconnecting in 5 seconds...
2014-04-26T04:34:53.785Z - Warning: Still no connection.
2014-04-26T04:34:53.785Z - Warning: Reconnecting in 5 seconds...
2014-04-26T04:34:58.786Z - Warning: Still no connection.
2014-04-26T04:34:58.786Z - Warning: Reconnecting in 5 seconds...
2014-04-26T04:35:03.787Z - Warning: Still no connection.
2014-04-26T04:35:03.787Z - Warning: Reconnecting in 5 seconds...
2014-04-26T04:35:08.788Z - Warning: Still no connection.
2014-04-26T04:35:08.788Z - Warning: Reconnecting in 5 seconds...
2014-04-26T04:35:13.788Z - Warning: Still no connection.
2014-04-26T04:35:13.788Z - Warning: Reconnecting in 5 seconds...
2014-04-26T04:35:18.792Z - Warning: Still no connection.
2014-04-26T04:35:18.792Z - Warning: Reconnecting in 5 seconds...
2014-04-26T04:35:23.795Z - Warning: Still no connection.
2014-04-26T04:35:23.795Z - Warning: Reconnecting in 5 seconds...
