2014-04-26T23:23:22.804Z - Failure: Error: Cannot find module './mods/_counter'
2014-04-26T23:23:22.804Z - Warning: Sorry, can't load _counter mod :(
2014-04-26T23:23:22.813Z - Failure: Error: Cannot find module './mods/_rpg_demo'
2014-04-26T23:23:22.813Z - Warning: Sorry, can't load _rpg_demo mod :(
2014-04-26T23:46:46.067Z - Warning: Connection with server is lost.
2014-04-26T23:46:46.068Z - Warning: Reconnecting in 5 seconds...
2014-04-26T23:46:51.069Z - Warning: Still no connection.
2014-04-26T23:46:51.069Z - Warning: Reconnecting in 5 seconds...
2014-04-26T23:46:56.073Z - Warning: Still no connection.
2014-04-26T23:46:56.073Z - Warning: Reconnecting in 5 seconds...
2014-04-26T23:47:01.077Z - Warning: Still no connection.
2014-04-26T23:47:01.077Z - Warning: Reconnecting in 5 seconds...
2014-04-26T23:47:06.080Z - Warning: Still no connection.
2014-04-26T23:47:06.080Z - Warning: Reconnecting in 5 seconds...
2014-04-26T23:47:11.084Z - Warning: Still no connection.
2014-04-26T23:47:11.084Z - Warning: Reconnecting in 5 seconds...
2014-04-26T23:47:16.084Z - Warning: Still no connection.
2014-04-26T23:47:16.084Z - Warning: Reconnecting in 5 seconds...
2014-04-26T23:47:21.088Z - Warning: Still no connection.
2014-04-26T23:47:21.088Z - Warning: Reconnecting in 5 seconds...
2014-04-26T23:47:26.092Z - Warning: Still no connection.
2014-04-26T23:47:26.092Z - Warning: Reconnecting in 5 seconds...
2014-04-26T23:47:31.096Z - Warning: Still no connection.
2014-04-26T23:47:31.096Z - Warning: Reconnecting in 5 seconds...
2014-04-26T23:47:36.096Z - Warning: Still no connection.
2014-04-26T23:47:36.096Z - Warning: Reconnecting in 5 seconds...
2014-04-26T23:47:41.100Z - Warning: Still no connection.
2014-04-26T23:47:41.100Z - Warning: Reconnecting in 5 seconds...
2014-04-26T23:47:46.104Z - Warning: Still no connection.
2014-04-26T23:47:46.104Z - Warning: Reconnecting in 5 seconds...
2014-04-26T23:47:51.108Z - Warning: Still no connection.
2014-04-26T23:47:51.108Z - Warning: Reconnecting in 5 seconds...
2014-04-26T23:47:56.112Z - Warning: Still no connection.
2014-04-26T23:47:56.112Z - Warning: Reconnecting in 5 seconds...
2014-04-26T23:48:01.113Z - Warning: Still no connection.
2014-04-26T23:48:01.113Z - Warning: Reconnecting in 5 seconds...
2014-04-26T23:48:06.114Z - Warning: Still no connection.
2014-04-26T23:48:06.114Z - Warning: Reconnecting in 5 seconds...
2014-04-26T23:48:11.115Z - Warning: Still no connection.
2014-04-26T23:48:11.115Z - Warning: Reconnecting in 5 seconds...
2014-04-26T23:48:16.116Z - Warning: Still no connection.
2014-04-26T23:48:16.116Z - Warning: Reconnecting in 5 seconds...
2014-04-26T23:48:21.119Z - Warning: Still no connection.
2014-04-26T23:48:21.119Z - Warning: Reconnecting in 5 seconds...
2014-04-26T23:48:26.123Z - Warning: Still no connection.
2014-04-26T23:48:26.125Z - Warning: Reconnecting in 5 seconds...
2014-04-26T23:48:31.127Z - Warning: Still no connection.
2014-04-26T23:48:31.127Z - Warning: Reconnecting in 5 seconds...
2014-04-26T23:48:36.130Z - Warning: Still no connection.
2014-04-26T23:48:36.130Z - Warning: Reconnecting in 5 seconds...
2014-04-26T23:48:41.132Z - Warning: Still no connection.
2014-04-26T23:48:41.133Z - Warning: Reconnecting in 5 seconds...
2014-04-26T23:48:46.137Z - Warning: Still no connection.
2014-04-26T23:48:46.138Z - Warning: Reconnecting in 5 seconds...
2014-04-26T23:48:51.140Z - Warning: Still no connection.
2014-04-26T23:48:51.140Z - Warning: Reconnecting in 5 seconds...
2014-04-26T23:48:56.143Z - Warning: Still no connection.
2014-04-26T23:48:56.144Z - Warning: Reconnecting in 5 seconds...
2014-04-26T23:49:01.147Z - Warning: Still no connection.
2014-04-26T23:49:01.147Z - Warning: Reconnecting in 5 seconds...
2014-04-26T23:49:06.151Z - Warning: Still no connection.
2014-04-26T23:49:06.151Z - Warning: Reconnecting in 5 seconds...
2014-04-26T23:49:11.155Z - Warning: Still no connection.
2014-04-26T23:49:11.155Z - Warning: Reconnecting in 5 seconds...
2014-04-26T23:49:16.160Z - Warning: Still no connection.
2014-04-26T23:49:16.160Z - Warning: Reconnecting in 5 seconds...
2014-04-26T23:49:21.162Z - Warning: Still no connection.
2014-04-26T23:49:21.163Z - Warning: Reconnecting in 5 seconds...
2014-04-26T23:49:26.164Z - Warning: Still no connection.
2014-04-26T23:49:26.164Z - Warning: Reconnecting in 5 seconds...
2014-04-26T23:49:31.165Z - Warning: Still no connection.
2014-04-26T23:49:31.165Z - Warning: Reconnecting in 5 seconds...
2014-04-26T23:49:36.166Z - Warning: Still no connection.
2014-04-26T23:49:36.166Z - Warning: Reconnecting in 5 seconds...
2014-04-26T23:49:41.167Z - Warning: Still no connection.
2014-04-26T23:49:41.167Z - Warning: Reconnecting in 5 seconds...
2014-04-26T23:49:46.168Z - Warning: Still no connection.
2014-04-26T23:49:46.169Z - Warning: Reconnecting in 5 seconds...
2014-04-26T23:49:51.172Z - Warning: Still no connection.
2014-04-26T23:49:51.172Z - Warning: Reconnecting in 5 seconds...
2014-04-26T23:49:56.174Z - Warning: Still no connection.
2014-04-26T23:49:56.174Z - Warning: Reconnecting in 5 seconds...
2014-04-26T23:50:01.178Z - Warning: Still no connection.
2014-04-26T23:50:01.178Z - Warning: Reconnecting in 5 seconds...
2014-04-26T23:50:06.180Z - Warning: Still no connection.
2014-04-26T23:50:06.180Z - Warning: Reconnecting in 5 seconds...
2014-04-26T23:50:11.185Z - Warning: Still no connection.
2014-04-26T23:50:11.185Z - Warning: Reconnecting in 5 seconds...
2014-04-26T23:50:16.188Z - Warning: Still no connection.
2014-04-26T23:50:16.189Z - Warning: Reconnecting in 5 seconds...
2014-04-26T23:50:21.193Z - Warning: Still no connection.
2014-04-26T23:50:21.193Z - Warning: Reconnecting in 5 seconds...
2014-04-26T23:50:26.196Z - Warning: Still no connection.
2014-04-26T23:50:26.196Z - Warning: Reconnecting in 5 seconds...
2014-04-26T23:50:31.200Z - Warning: Still no connection.
2014-04-26T23:50:31.200Z - Warning: Reconnecting in 5 seconds...
2014-04-26T23:50:36.201Z - Warning: Still no connection.
2014-04-26T23:50:36.201Z - Warning: Reconnecting in 5 seconds...
2014-04-26T23:50:41.202Z - Warning: Still no connection.
2014-04-26T23:50:41.202Z - Warning: Reconnecting in 5 seconds...
2014-04-26T23:50:46.204Z - Warning: Still no connection.
2014-04-26T23:50:46.204Z - Warning: Reconnecting in 5 seconds...
2014-04-26T23:50:51.205Z - Warning: Still no connection.
2014-04-26T23:50:51.205Z - Warning: Reconnecting in 5 seconds...
2014-04-26T23:50:56.208Z - Warning: Still no connection.
2014-04-26T23:50:56.208Z - Warning: Reconnecting in 5 seconds...
2014-04-26T23:51:01.212Z - Warning: Still no connection.
2014-04-26T23:51:01.212Z - Warning: Reconnecting in 5 seconds...
2014-04-26T23:51:06.216Z - Warning: Still no connection.
2014-04-26T23:51:06.216Z - Warning: Reconnecting in 5 seconds...
2014-04-26T23:51:11.221Z - Warning: Still no connection.
2014-04-26T23:51:11.222Z - Warning: Reconnecting in 5 seconds...
2014-04-26T23:51:16.223Z - Warning: Still no connection.
2014-04-26T23:51:16.223Z - Warning: Reconnecting in 5 seconds...
2014-04-26T23:51:21.227Z - Warning: Still no connection.
2014-04-26T23:51:21.227Z - Warning: Reconnecting in 5 seconds...
2014-04-26T23:51:26.228Z - Warning: Still no connection.
2014-04-26T23:51:26.229Z - Warning: Reconnecting in 5 seconds...
2014-04-26T23:51:31.230Z - Warning: Still no connection.
2014-04-26T23:51:31.230Z - Warning: Reconnecting in 5 seconds...
2014-04-26T23:51:36.232Z - Warning: Still no connection.
2014-04-26T23:51:36.233Z - Warning: Reconnecting in 5 seconds...
2014-04-26T23:51:41.234Z - Warning: Still no connection.
2014-04-26T23:51:41.234Z - Warning: Reconnecting in 5 seconds...
2014-04-26T23:51:46.235Z - Warning: Still no connection.
2014-04-26T23:51:46.235Z - Warning: Reconnecting in 5 seconds...
2014-04-26T23:51:51.238Z - Warning: Still no connection.
2014-04-26T23:51:51.239Z - Warning: Reconnecting in 5 seconds...
2014-04-26T23:51:56.242Z - Warning: Still no connection.
2014-04-26T23:51:56.242Z - Warning: Reconnecting in 5 seconds...
2014-04-26T23:52:01.244Z - Warning: Still no connection.
2014-04-26T23:52:01.245Z - Warning: Reconnecting in 5 seconds...
2014-04-26T23:52:06.247Z - Warning: Still no connection.
2014-04-26T23:52:06.247Z - Warning: Reconnecting in 5 seconds...
2014-04-26T23:52:11.251Z - Warning: Still no connection.
2014-04-26T23:52:11.251Z - Warning: Reconnecting in 5 seconds...
2014-04-26T23:52:16.255Z - Warning: Still no connection.
2014-04-26T23:52:16.255Z - Warning: Reconnecting in 5 seconds...
2014-04-26T23:52:21.256Z - Warning: Still no connection.
2014-04-26T23:52:21.256Z - Warning: Reconnecting in 5 seconds...
2014-04-26T23:52:26.257Z - Warning: Still no connection.
2014-04-26T23:52:26.257Z - Warning: Reconnecting in 5 seconds...
2014-04-26T23:52:31.257Z - Warning: Still no connection.
2014-04-26T23:52:31.258Z - Warning: Reconnecting in 5 seconds...
2014-04-26T23:52:36.261Z - Warning: Still no connection.
2014-04-26T23:52:36.263Z - Warning: Reconnecting in 5 seconds...
2014-04-26T23:52:41.264Z - Warning: Still no connection.
2014-04-26T23:52:41.265Z - Warning: Reconnecting in 5 seconds...
2014-04-26T23:52:46.266Z - Warning: Still no connection.
2014-04-26T23:52:46.266Z - Warning: Reconnecting in 5 seconds...
2014-04-26T23:52:51.271Z - Warning: Still no connection.
2014-04-26T23:52:51.271Z - Warning: Reconnecting in 5 seconds...
2014-04-26T23:52:56.275Z - Warning: Still no connection.
2014-04-26T23:52:56.275Z - Warning: Reconnecting in 5 seconds...
2014-04-26T23:53:01.277Z - Warning: Still no connection.
2014-04-26T23:53:01.277Z - Warning: Reconnecting in 5 seconds...
2014-04-26T23:53:06.281Z - Warning: Still no connection.
2014-04-26T23:53:06.281Z - Warning: Reconnecting in 5 seconds...
2014-04-26T23:53:11.283Z - Warning: Still no connection.
2014-04-26T23:53:11.283Z - Warning: Reconnecting in 5 seconds...
2014-04-26T23:53:16.288Z - Warning: Still no connection.
2014-04-26T23:53:16.288Z - Warning: Reconnecting in 5 seconds...
2014-04-26T23:53:21.290Z - Warning: Still no connection.
2014-04-26T23:53:21.290Z - Warning: Reconnecting in 5 seconds...
2014-04-26T23:53:26.291Z - Warning: Still no connection.
2014-04-26T23:53:26.291Z - Warning: Reconnecting in 5 seconds...
2014-04-26T23:53:31.294Z - Warning: Still no connection.
2014-04-26T23:53:31.294Z - Warning: Reconnecting in 5 seconds...
2014-04-26T23:53:36.298Z - Warning: Still no connection.
2014-04-26T23:53:36.298Z - Warning: Reconnecting in 5 seconds...
2014-04-26T23:53:41.301Z - Warning: Still no connection.
2014-04-26T23:53:41.301Z - Warning: Reconnecting in 5 seconds...
2014-04-26T23:53:46.305Z - Warning: Still no connection.
2014-04-26T23:53:46.305Z - Warning: Reconnecting in 5 seconds...
2014-04-26T23:53:51.308Z - Warning: Still no connection.
2014-04-26T23:53:51.308Z - Warning: Reconnecting in 5 seconds...
2014-04-26T23:53:56.312Z - Warning: Still no connection.
2014-04-26T23:53:56.312Z - Warning: Reconnecting in 5 seconds...
2014-04-26T23:54:01.313Z - Warning: Still no connection.
2014-04-26T23:54:01.313Z - Warning: Reconnecting in 5 seconds...
2014-04-26T23:54:06.314Z - Warning: Still no connection.
2014-04-26T23:54:06.314Z - Warning: Reconnecting in 5 seconds...
2014-04-26T23:54:11.316Z - Warning: Still no connection.
2014-04-26T23:54:11.316Z - Warning: Reconnecting in 5 seconds...
2014-04-26T23:54:16.320Z - Warning: Still no connection.
2014-04-26T23:54:16.320Z - Warning: Reconnecting in 5 seconds...
2014-04-26T23:54:21.324Z - Warning: Still no connection.
2014-04-26T23:54:21.324Z - Warning: Reconnecting in 5 seconds...
2014-04-26T23:54:26.325Z - Warning: Still no connection.
2014-04-26T23:54:26.325Z - Warning: Reconnecting in 5 seconds...
2014-04-26T23:54:31.328Z - Warning: Still no connection.
2014-04-26T23:54:31.328Z - Warning: Reconnecting in 5 seconds...
2014-04-26T23:54:36.330Z - Warning: Still no connection.
2014-04-26T23:54:36.330Z - Warning: Reconnecting in 5 seconds...
2014-04-26T23:54:41.334Z - Warning: Still no connection.
2014-04-26T23:54:41.335Z - Warning: Reconnecting in 5 seconds...
2014-04-26T23:54:46.336Z - Warning: Still no connection.
2014-04-26T23:54:46.336Z - Warning: Reconnecting in 5 seconds...
2014-04-26T23:54:51.340Z - Warning: Still no connection.
2014-04-26T23:54:51.340Z - Warning: Reconnecting in 5 seconds...
2014-04-26T23:54:56.342Z - Warning: Still no connection.
2014-04-26T23:54:56.344Z - Warning: Reconnecting in 5 seconds...
2014-04-26T23:55:01.346Z - Warning: Still no connection.
2014-04-26T23:55:01.346Z - Warning: Reconnecting in 5 seconds...
2014-04-26T23:55:06.350Z - Warning: Still no connection.
2014-04-26T23:55:06.350Z - Warning: Reconnecting in 5 seconds...
2014-04-26T23:55:11.350Z - Warning: Still no connection.
2014-04-26T23:55:11.350Z - Warning: Reconnecting in 5 seconds...
2014-04-26T23:55:16.352Z - Warning: Still no connection.
2014-04-26T23:55:16.352Z - Warning: Reconnecting in 5 seconds...
2014-04-26T23:55:21.356Z - Warning: Still no connection.
2014-04-26T23:55:21.356Z - Warning: Reconnecting in 5 seconds...
2014-04-26T23:55:26.360Z - Warning: Still no connection.
2014-04-26T23:55:26.360Z - Warning: Reconnecting in 5 seconds...
2014-04-26T23:55:31.360Z - Warning: Still no connection.
2014-04-26T23:55:31.360Z - Warning: Reconnecting in 5 seconds...
2014-04-26T23:55:36.363Z - Warning: Still no connection.
2014-04-26T23:55:36.363Z - Warning: Reconnecting in 5 seconds...
2014-04-26T23:55:41.365Z - Warning: Still no connection.
2014-04-26T23:55:41.366Z - Warning: Reconnecting in 5 seconds...
2014-04-26T23:55:46.369Z - Warning: Still no connection.
2014-04-26T23:55:46.369Z - Warning: Reconnecting in 5 seconds...
2014-04-26T23:55:51.371Z - Warning: Still no connection.
2014-04-26T23:55:51.371Z - Warning: Reconnecting in 5 seconds...
2014-04-26T23:55:56.375Z - Warning: Still no connection.
2014-04-26T23:55:56.375Z - Warning: Reconnecting in 5 seconds...
2014-04-26T23:56:01.379Z - Warning: Still no connection.
2014-04-26T23:56:01.379Z - Warning: Reconnecting in 5 seconds...
2014-04-26T23:56:06.383Z - Warning: Still no connection.
2014-04-26T23:56:06.383Z - Warning: Reconnecting in 5 seconds...
2014-04-26T23:56:11.387Z - Warning: Still no connection.
2014-04-26T23:56:11.387Z - Warning: Reconnecting in 5 seconds...
2014-04-26T23:56:16.392Z - Warning: Still no connection.
2014-04-26T23:56:16.392Z - Warning: Reconnecting in 5 seconds...
2014-04-26T23:56:21.396Z - Warning: Still no connection.
2014-04-26T23:56:21.396Z - Warning: Reconnecting in 5 seconds...
2014-04-26T23:56:26.400Z - Warning: Still no connection.
2014-04-26T23:56:26.400Z - Warning: Reconnecting in 5 seconds...
2014-04-26T23:56:31.404Z - Warning: Still no connection.
2014-04-26T23:56:31.404Z - Warning: Reconnecting in 5 seconds...
2014-04-26T23:56:36.406Z - Warning: Still no connection.
2014-04-26T23:56:36.407Z - Warning: Reconnecting in 5 seconds...
2014-04-26T23:56:41.411Z - Warning: Still no connection.
2014-04-26T23:56:41.412Z - Warning: Reconnecting in 5 seconds...
2014-04-26T23:56:46.413Z - Warning: Still no connection.
2014-04-26T23:56:46.413Z - Warning: Reconnecting in 5 seconds...
2014-04-26T23:56:51.417Z - Warning: Still no connection.
2014-04-26T23:56:51.417Z - Warning: Reconnecting in 5 seconds...
2014-04-26T23:56:56.419Z - Warning: Still no connection.
2014-04-26T23:56:56.419Z - Warning: Reconnecting in 5 seconds...
2014-04-26T23:57:01.423Z - Warning: Still no connection.
2014-04-26T23:57:01.423Z - Warning: Reconnecting in 5 seconds...
2014-04-26T23:57:06.428Z - Warning: Still no connection.
2014-04-26T23:57:06.428Z - Warning: Reconnecting in 5 seconds...
2014-04-26T23:57:11.430Z - Warning: Still no connection.
2014-04-26T23:57:11.430Z - Warning: Reconnecting in 5 seconds...
2014-04-26T23:57:16.437Z - Warning: Still no connection.
2014-04-26T23:57:16.437Z - Warning: Reconnecting in 5 seconds...
2014-04-26T23:57:21.439Z - Warning: Still no connection.
2014-04-26T23:57:21.439Z - Warning: Reconnecting in 5 seconds...
2014-04-26T23:57:26.442Z - Warning: Still no connection.
2014-04-26T23:57:26.442Z - Warning: Reconnecting in 5 seconds...
2014-04-26T23:57:31.445Z - Warning: Still no connection.
2014-04-26T23:57:31.445Z - Warning: Reconnecting in 5 seconds...
2014-04-26T23:57:36.445Z - Warning: Still no connection.
2014-04-26T23:57:36.445Z - Warning: Reconnecting in 5 seconds...
2014-04-26T23:57:41.448Z - Warning: Still no connection.
2014-04-26T23:57:41.448Z - Warning: Reconnecting in 5 seconds...
2014-04-26T23:57:46.449Z - Warning: Still no connection.
2014-04-26T23:57:46.449Z - Warning: Reconnecting in 5 seconds...
2014-04-26T23:57:51.453Z - Warning: Still no connection.
2014-04-26T23:57:51.453Z - Warning: Reconnecting in 5 seconds...
2014-04-26T23:57:56.454Z - Warning: Still no connection.
2014-04-26T23:57:56.454Z - Warning: Reconnecting in 5 seconds...
2014-04-26T23:58:01.458Z - Warning: Still no connection.
2014-04-26T23:58:01.458Z - Warning: Reconnecting in 5 seconds...
2014-04-26T23:58:06.461Z - Warning: Still no connection.
2014-04-26T23:58:06.462Z - Warning: Reconnecting in 5 seconds...
2014-04-26T23:58:11.465Z - Warning: Still no connection.
2014-04-26T23:58:11.466Z - Warning: Reconnecting in 5 seconds...
2014-04-26T23:58:16.468Z - Warning: Still no connection.
2014-04-26T23:58:16.468Z - Warning: Reconnecting in 5 seconds...
2014-04-26T23:58:21.472Z - Warning: Still no connection.
2014-04-26T23:58:21.472Z - Warning: Reconnecting in 5 seconds...
2014-04-26T23:58:26.476Z - Warning: Still no connection.
2014-04-26T23:58:26.476Z - Warning: Reconnecting in 5 seconds...
2014-04-26T23:58:31.480Z - Warning: Still no connection.
2014-04-26T23:58:31.480Z - Warning: Reconnecting in 5 seconds...
2014-04-26T23:58:36.481Z - Warning: Still no connection.
2014-04-26T23:58:36.482Z - Warning: Reconnecting in 5 seconds...
2014-04-26T23:58:41.484Z - Warning: Still no connection.
2014-04-26T23:58:41.484Z - Warning: Reconnecting in 5 seconds...
2014-04-26T23:58:46.485Z - Warning: Still no connection.
2014-04-26T23:58:46.486Z - Warning: Reconnecting in 5 seconds...
2014-04-26T23:58:51.489Z - Warning: Still no connection.
2014-04-26T23:58:51.489Z - Warning: Reconnecting in 5 seconds...
2014-04-26T23:58:56.493Z - Warning: Still no connection.
2014-04-26T23:58:56.493Z - Warning: Reconnecting in 5 seconds...
2014-04-26T23:59:01.497Z - Warning: Still no connection.
2014-04-26T23:59:01.498Z - Warning: Reconnecting in 5 seconds...
2014-04-26T23:59:06.502Z - Warning: Still no connection.
2014-04-26T23:59:06.502Z - Warning: Reconnecting in 5 seconds...
2014-04-26T23:59:11.503Z - Warning: Still no connection.
2014-04-26T23:59:11.503Z - Warning: Reconnecting in 5 seconds...
2014-04-26T23:59:16.505Z - Warning: Still no connection.
2014-04-26T23:59:16.505Z - Warning: Reconnecting in 5 seconds...
2014-04-26T23:59:21.506Z - Warning: Still no connection.
2014-04-26T23:59:21.506Z - Warning: Reconnecting in 5 seconds...
2014-04-26T23:59:26.507Z - Warning: Still no connection.
2014-04-26T23:59:26.507Z - Warning: Reconnecting in 5 seconds...
2014-04-26T23:59:31.511Z - Warning: Still no connection.
2014-04-26T23:59:31.511Z - Warning: Reconnecting in 5 seconds...
2014-04-26T23:59:36.516Z - Warning: Still no connection.
2014-04-26T23:59:36.516Z - Warning: Reconnecting in 5 seconds...
2014-04-26T23:59:41.520Z - Warning: Still no connection.
2014-04-26T23:59:41.520Z - Warning: Reconnecting in 5 seconds...
2014-04-26T23:59:46.524Z - Warning: Still no connection.
2014-04-26T23:59:46.524Z - Warning: Reconnecting in 5 seconds...
2014-04-26T23:59:51.528Z - Warning: Still no connection.
2014-04-26T23:59:51.528Z - Warning: Reconnecting in 5 seconds...
2014-04-26T23:59:56.529Z - Warning: Still no connection.
2014-04-26T23:59:56.529Z - Warning: Reconnecting in 5 seconds...
2014-04-27T00:00:01.530Z - Warning: Still no connection.
2014-04-27T00:00:01.530Z - Warning: Reconnecting in 5 seconds...
2014-04-27T00:00:06.534Z - Warning: Still no connection.
2014-04-27T00:00:06.534Z - Warning: Reconnecting in 5 seconds...
2014-04-27T00:00:11.535Z - Warning: Still no connection.
2014-04-27T00:00:11.535Z - Warning: Reconnecting in 5 seconds...
2014-04-27T00:00:16.536Z - Warning: Still no connection.
2014-04-27T00:00:16.536Z - Warning: Reconnecting in 5 seconds...
2014-04-27T00:00:21.539Z - Warning: Still no connection.
2014-04-27T00:00:21.539Z - Warning: Reconnecting in 5 seconds...
2014-04-27T00:00:26.544Z - Warning: Still no connection.
2014-04-27T00:00:26.544Z - Warning: Reconnecting in 5 seconds...
2014-04-27T00:00:31.548Z - Warning: Still no connection.
2014-04-27T00:00:31.549Z - Warning: Reconnecting in 5 seconds...
2014-04-27T00:00:36.549Z - Warning: Still no connection.
2014-04-27T00:00:36.550Z - Warning: Reconnecting in 5 seconds...
2014-04-27T00:00:41.553Z - Warning: Still no connection.
2014-04-27T00:00:41.553Z - Warning: Reconnecting in 5 seconds...
2014-04-27T00:00:46.557Z - Warning: Still no connection.
2014-04-27T00:00:46.557Z - Warning: Reconnecting in 5 seconds...
2014-04-27T00:00:51.560Z - Warning: Still no connection.
2014-04-27T00:00:51.560Z - Warning: Reconnecting in 5 seconds...
2014-04-27T00:00:56.564Z - Warning: Still no connection.
2014-04-27T00:00:56.564Z - Warning: Reconnecting in 5 seconds...
2014-04-27T00:01:01.567Z - Warning: Still no connection.
2014-04-27T00:01:01.567Z - Warning: Reconnecting in 5 seconds...
2014-04-27T00:01:06.572Z - Warning: Still no connection.
2014-04-27T00:01:06.572Z - Warning: Reconnecting in 5 seconds...
2014-04-27T00:01:11.574Z - Warning: Still no connection.
2014-04-27T00:01:11.574Z - Warning: Reconnecting in 5 seconds...
2014-04-27T00:01:16.578Z - Warning: Still no connection.
2014-04-27T00:01:16.578Z - Warning: Reconnecting in 5 seconds...
2014-04-27T00:01:21.582Z - Warning: Still no connection.
2014-04-27T00:01:21.582Z - Warning: Reconnecting in 5 seconds...
2014-04-27T00:01:26.586Z - Warning: Still no connection.
2014-04-27T00:01:26.586Z - Warning: Reconnecting in 5 seconds...
2014-04-27T00:01:31.589Z - Warning: Still no connection.
2014-04-27T00:01:31.589Z - Warning: Reconnecting in 5 seconds...
2014-04-27T00:01:36.592Z - Warning: Still no connection.
2014-04-27T00:01:36.592Z - Warning: Reconnecting in 5 seconds...
2014-04-27T00:01:41.592Z - Warning: Still no connection.
2014-04-27T00:01:41.593Z - Warning: Reconnecting in 5 seconds...
2014-04-27T00:01:46.596Z - Warning: Still no connection.
2014-04-27T00:01:46.596Z - Warning: Reconnecting in 5 seconds...
2014-04-27T00:01:51.600Z - Warning: Still no connection.
2014-04-27T00:01:51.600Z - Warning: Reconnecting in 5 seconds...
2014-04-27T00:01:56.604Z - Warning: Still no connection.
2014-04-27T00:01:56.604Z - Warning: Reconnecting in 5 seconds...
2014-04-27T00:02:01.608Z - Warning: Still no connection.
2014-04-27T00:02:01.608Z - Warning: Reconnecting in 5 seconds...
2014-04-27T00:02:06.612Z - Warning: Still no connection.
2014-04-27T00:02:06.613Z - Warning: Reconnecting in 5 seconds...
2014-04-27T00:02:11.613Z - Warning: Still no connection.
2014-04-27T00:02:11.613Z - Warning: Reconnecting in 5 seconds...
2014-04-27T00:02:16.616Z - Warning: Still no connection.
2014-04-27T00:02:16.616Z - Warning: Reconnecting in 5 seconds...
2014-04-27T00:02:21.620Z - Warning: Still no connection.
2014-04-27T00:02:21.620Z - Warning: Reconnecting in 5 seconds...
2014-04-27T00:02:26.624Z - Warning: Still no connection.
2014-04-27T00:02:26.624Z - Warning: Reconnecting in 5 seconds...
2014-04-27T00:02:31.626Z - Warning: Still no connection.
2014-04-27T00:02:31.628Z - Warning: Reconnecting in 5 seconds...
2014-04-27T00:02:36.629Z - Warning: Still no connection.
2014-04-27T00:02:36.629Z - Warning: Reconnecting in 5 seconds...
2014-04-27T00:02:41.629Z - Warning: Still no connection.
2014-04-27T00:02:41.630Z - Warning: Reconnecting in 5 seconds...
2014-04-27T00:02:46.633Z - Warning: Still no connection.
2014-04-27T00:02:46.633Z - Warning: Reconnecting in 5 seconds...
2014-04-27T00:02:51.634Z - Warning: Still no connection.
2014-04-27T00:02:51.634Z - Warning: Reconnecting in 5 seconds...
2014-04-27T00:02:56.636Z - Warning: Still no connection.
2014-04-27T00:02:56.637Z - Warning: Reconnecting in 5 seconds...
2014-04-27T00:03:01.638Z - Warning: Still no connection.
2014-04-27T00:03:01.639Z - Warning: Reconnecting in 5 seconds...
2014-04-27T00:03:06.640Z - Warning: Still no connection.
2014-04-27T00:03:06.640Z - Warning: Reconnecting in 5 seconds...
2014-04-27T00:03:11.645Z - Warning: Still no connection.
2014-04-27T00:03:11.645Z - Warning: Reconnecting in 5 seconds...
2014-04-27T00:03:16.649Z - Warning: Still no connection.
2014-04-27T00:03:16.649Z - Warning: Reconnecting in 5 seconds...
2014-04-27T00:03:21.653Z - Warning: Still no connection.
2014-04-27T00:03:21.653Z - Warning: Reconnecting in 5 seconds...
2014-04-27T00:03:26.656Z - Warning: Still no connection.
2014-04-27T00:03:26.656Z - Warning: Reconnecting in 5 seconds...
2014-04-27T00:03:31.660Z - Warning: Still no connection.
2014-04-27T00:03:31.660Z - Warning: Reconnecting in 5 seconds...
2014-04-27T00:03:36.662Z - Warning: Still no connection.
2014-04-27T00:03:36.662Z - Warning: Reconnecting in 5 seconds...
2014-04-27T00:03:41.667Z - Warning: Still no connection.
2014-04-27T00:03:41.667Z - Warning: Reconnecting in 5 seconds...
2014-04-27T00:03:46.668Z - Warning: Still no connection.
2014-04-27T00:03:46.668Z - Warning: Reconnecting in 5 seconds...
2014-04-27T00:03:51.670Z - Warning: Still no connection.
2014-04-27T00:03:51.670Z - Warning: Reconnecting in 5 seconds...
2014-04-27T00:03:56.671Z - Warning: Still no connection.
2014-04-27T00:03:56.671Z - Warning: Reconnecting in 5 seconds...
2014-04-27T00:04:01.675Z - Warning: Still no connection.
2014-04-27T00:04:01.675Z - Warning: Reconnecting in 5 seconds...
2014-04-27T00:04:06.679Z - Warning: Still no connection.
2014-04-27T00:04:06.679Z - Warning: Reconnecting in 5 seconds...
2014-04-27T00:04:11.679Z - Warning: Still no connection.
2014-04-27T00:04:11.679Z - Warning: Reconnecting in 5 seconds...
2014-04-27T00:04:16.682Z - Warning: Still no connection.
2014-04-27T00:04:16.682Z - Warning: Reconnecting in 5 seconds...
2014-04-27T00:04:21.686Z - Warning: Still no connection.
2014-04-27T00:04:21.686Z - Warning: Reconnecting in 5 seconds...
2014-04-27T00:04:26.688Z - Warning: Still no connection.
2014-04-27T00:04:26.688Z - Warning: Reconnecting in 5 seconds...
2014-04-27T00:04:31.689Z - Warning: Still no connection.
2014-04-27T00:04:31.689Z - Warning: Reconnecting in 5 seconds...
2014-04-27T00:04:36.690Z - Warning: Still no connection.
2014-04-27T00:04:36.690Z - Warning: Reconnecting in 5 seconds...
2014-04-27T00:04:41.695Z - Warning: Still no connection.
2014-04-27T00:04:41.695Z - Warning: Reconnecting in 5 seconds...
2014-04-27T00:04:46.698Z - Warning: Still no connection.
2014-04-27T00:04:46.698Z - Warning: Reconnecting in 5 seconds...
2014-04-27T00:04:51.702Z - Warning: Still no connection.
2014-04-27T00:04:51.702Z - Warning: Reconnecting in 5 seconds...
2014-04-27T00:04:56.705Z - Warning: Still no connection.
2014-04-27T00:04:56.705Z - Warning: Reconnecting in 5 seconds...
2014-04-27T00:05:01.710Z - Warning: Still no connection.
2014-04-27T00:05:01.710Z - Warning: Reconnecting in 5 seconds...
2014-04-27T00:05:06.711Z - Warning: Still no connection.
2014-04-27T00:05:06.711Z - Warning: Reconnecting in 5 seconds...
2014-04-27T00:05:11.716Z - Warning: Still no connection.
2014-04-27T00:05:11.716Z - Warning: Reconnecting in 5 seconds...
2014-04-27T00:05:16.719Z - Warning: Still no connection.
2014-04-27T00:05:16.719Z - Warning: Reconnecting in 5 seconds...
2014-04-27T00:05:21.723Z - Warning: Still no connection.
2014-04-27T00:05:21.723Z - Warning: Reconnecting in 5 seconds...
2014-04-27T00:05:26.727Z - Warning: Still no connection.
2014-04-27T00:05:26.727Z - Warning: Reconnecting in 5 seconds...
2014-04-27T00:05:31.731Z - Warning: Still no connection.
2014-04-27T00:05:31.731Z - Warning: Reconnecting in 5 seconds...
2014-04-27T00:05:36.736Z - Warning: Still no connection.
2014-04-27T00:05:36.736Z - Warning: Reconnecting in 5 seconds...
2014-04-27T00:05:41.741Z - Warning: Still no connection.
2014-04-27T00:05:41.741Z - Warning: Reconnecting in 5 seconds...
2014-04-27T00:05:46.745Z - Warning: Still no connection.
2014-04-27T00:05:46.745Z - Warning: Reconnecting in 5 seconds...
2014-04-27T00:05:51.745Z - Warning: Still no connection.
2014-04-27T00:05:51.746Z - Warning: Reconnecting in 5 seconds...
2014-04-27T00:05:56.747Z - Warning: Still no connection.
2014-04-27T00:05:56.747Z - Warning: Reconnecting in 5 seconds...
2014-04-27T00:06:01.752Z - Warning: Still no connection.
2014-04-27T00:06:01.752Z - Warning: Reconnecting in 5 seconds...
2014-04-27T00:06:06.755Z - Warning: Still no connection.
2014-04-27T00:06:06.755Z - Warning: Reconnecting in 5 seconds...
2014-04-27T00:06:11.759Z - Warning: Still no connection.
2014-04-27T00:06:11.759Z - Warning: Reconnecting in 5 seconds...
2014-04-27T00:06:16.759Z - Warning: Still no connection.
2014-04-27T00:06:16.760Z - Warning: Reconnecting in 5 seconds...
2014-04-27T00:06:21.761Z - Warning: Still no connection.
2014-04-27T00:06:21.761Z - Warning: Reconnecting in 5 seconds...
2014-04-27T00:06:26.765Z - Warning: Still no connection.
2014-04-27T00:06:26.765Z - Warning: Reconnecting in 5 seconds...
2014-04-27T00:06:31.769Z - Warning: Still no connection.
2014-04-27T00:06:31.769Z - Warning: Reconnecting in 5 seconds...
2014-04-27T00:06:36.772Z - Warning: Still no connection.
2014-04-27T00:06:36.772Z - Warning: Reconnecting in 5 seconds...
2014-04-27T00:06:41.773Z - Warning: Still no connection.
2014-04-27T00:06:41.773Z - Warning: Reconnecting in 5 seconds...
2014-04-27T00:06:46.776Z - Warning: Still no connection.
2014-04-27T00:06:46.776Z - Warning: Reconnecting in 5 seconds...
2014-04-27T00:06:51.781Z - Warning: Still no connection.
2014-04-27T00:06:51.781Z - Warning: Reconnecting in 5 seconds...
2014-04-27T00:06:56.786Z - Warning: Still no connection.
2014-04-27T00:06:56.786Z - Warning: Reconnecting in 5 seconds...
2014-04-27T00:07:01.790Z - Warning: Still no connection.
2014-04-27T00:07:01.790Z - Warning: Reconnecting in 5 seconds...
2014-04-27T00:07:06.792Z - Warning: Still no connection.
2014-04-27T00:07:06.792Z - Warning: Reconnecting in 5 seconds...
2014-04-27T00:07:11.796Z - Warning: Still no connection.
2014-04-27T00:07:11.796Z - Warning: Reconnecting in 5 seconds...
2014-04-27T00:07:16.801Z - Warning: Still no connection.
2014-04-27T00:07:16.801Z - Warning: Reconnecting in 5 seconds...
2014-04-27T00:07:21.803Z - Warning: Still no connection.
2014-04-27T00:07:21.803Z - Warning: Reconnecting in 5 seconds...
2014-04-27T00:07:26.807Z - Warning: Still no connection.
2014-04-27T00:07:26.807Z - Warning: Reconnecting in 5 seconds...
2014-04-27T00:07:31.811Z - Warning: Still no connection.
2014-04-27T00:07:31.811Z - Warning: Reconnecting in 5 seconds...
2014-04-27T00:07:36.815Z - Warning: Still no connection.
2014-04-27T00:07:36.815Z - Warning: Reconnecting in 5 seconds...
2014-04-27T00:07:41.819Z - Warning: Still no connection.
2014-04-27T00:07:41.819Z - Warning: Reconnecting in 5 seconds...
2014-04-27T00:07:46.822Z - Warning: Still no connection.
2014-04-27T00:07:46.822Z - Warning: Reconnecting in 5 seconds...
2014-04-27T00:07:51.825Z - Warning: Still no connection.
2014-04-27T00:07:51.825Z - Warning: Reconnecting in 5 seconds...
2014-04-27T00:07:56.829Z - Warning: Still no connection.
2014-04-27T00:07:56.829Z - Warning: Reconnecting in 5 seconds...
2014-04-27T00:08:01.832Z - Warning: Still no connection.
2014-04-27T00:08:01.832Z - Warning: Reconnecting in 5 seconds...
2014-04-27T00:08:06.836Z - Warning: Still no connection.
2014-04-27T00:08:06.836Z - Warning: Reconnecting in 5 seconds...
2014-04-27T00:08:11.841Z - Warning: Still no connection.
2014-04-27T00:08:11.841Z - Warning: Reconnecting in 5 seconds...
2014-04-27T00:08:16.843Z - Warning: Still no connection.
2014-04-27T00:08:16.843Z - Warning: Reconnecting in 5 seconds...
2014-04-27T00:08:21.844Z - Warning: Still no connection.
2014-04-27T00:08:21.844Z - Warning: Reconnecting in 5 seconds...
2014-04-27T00:08:26.846Z - Warning: Still no connection.
2014-04-27T00:08:26.846Z - Warning: Reconnecting in 5 seconds...
2014-04-27T00:08:31.847Z - Warning: Still no connection.
2014-04-27T00:08:31.847Z - Warning: Reconnecting in 5 seconds...
2014-04-27T00:08:36.851Z - Warning: Still no connection.
2014-04-27T00:08:36.851Z - Warning: Reconnecting in 5 seconds...
2014-04-27T00:08:41.856Z - Warning: Still no connection.
2014-04-27T00:08:41.856Z - Warning: Reconnecting in 5 seconds...
2014-04-27T00:08:46.860Z - Warning: Still no connection.
2014-04-27T00:08:46.860Z - Warning: Reconnecting in 5 seconds...
2014-04-27T00:08:51.864Z - Warning: Still no connection.
2014-04-27T00:08:51.864Z - Warning: Reconnecting in 5 seconds...
2014-04-27T00:08:56.868Z - Warning: Still no connection.
2014-04-27T00:08:56.868Z - Warning: Reconnecting in 5 seconds...
2014-04-27T00:09:01.872Z - Warning: Still no connection.
2014-04-27T00:09:01.872Z - Warning: Reconnecting in 5 seconds...
2014-04-27T00:09:06.876Z - Warning: Still no connection.
2014-04-27T00:09:06.876Z - Warning: Reconnecting in 5 seconds...
2014-04-27T00:09:11.877Z - Warning: Still no connection.
2014-04-27T00:09:11.877Z - Warning: Reconnecting in 5 seconds...
2014-04-27T00:09:16.878Z - Warning: Still no connection.
2014-04-27T00:09:16.878Z - Warning: Reconnecting in 5 seconds...
2014-04-27T00:09:21.879Z - Warning: Still no connection.
2014-04-27T00:09:21.879Z - Warning: Reconnecting in 5 seconds...
2014-04-27T00:09:26.880Z - Warning: Still no connection.
2014-04-27T00:09:26.880Z - Warning: Reconnecting in 5 seconds...
2014-04-27T00:09:31.885Z - Warning: Still no connection.
2014-04-27T00:09:31.885Z - Warning: Reconnecting in 5 seconds...
2014-04-27T00:09:36.888Z - Warning: Still no connection.
2014-04-27T00:09:36.888Z - Warning: Reconnecting in 5 seconds...
2014-04-27T00:09:41.892Z - Warning: Still no connection.
2014-04-27T00:09:41.892Z - Warning: Reconnecting in 5 seconds...
2014-04-27T00:09:46.893Z - Warning: Still no connection.
2014-04-27T00:09:46.893Z - Warning: Reconnecting in 5 seconds...
2014-04-27T00:09:51.895Z - Warning: Still no connection.
2014-04-27T00:09:51.895Z - Warning: Reconnecting in 5 seconds...
2014-04-27T00:09:56.896Z - Warning: Still no connection.
2014-04-27T00:09:56.897Z - Warning: Reconnecting in 5 seconds...
2014-04-27T00:10:01.898Z - Warning: Still no connection.
2014-04-27T00:10:01.898Z - Warning: Reconnecting in 5 seconds...
2014-04-27T00:10:06.900Z - Warning: Still no connection.
2014-04-27T00:10:06.900Z - Warning: Reconnecting in 5 seconds...
2014-04-27T00:10:11.901Z - Warning: Still no connection.
2014-04-27T00:10:11.901Z - Warning: Reconnecting in 5 seconds...
2014-04-27T00:10:16.905Z - Warning: Still no connection.
2014-04-27T00:10:16.905Z - Warning: Reconnecting in 5 seconds...
2014-04-27T00:10:21.909Z - Warning: Still no connection.
2014-04-27T00:10:21.909Z - Warning: Reconnecting in 5 seconds...
2014-04-27T00:10:26.913Z - Warning: Still no connection.
2014-04-27T00:10:26.913Z - Warning: Reconnecting in 5 seconds...
2014-04-27T00:10:31.916Z - Warning: Still no connection.
2014-04-27T00:10:31.916Z - Warning: Reconnecting in 5 seconds...
2014-04-27T00:10:36.921Z - Warning: Still no connection.
2014-04-27T00:10:36.921Z - Warning: Reconnecting in 5 seconds...
2014-04-27T00:10:41.925Z - Warning: Still no connection.
2014-04-27T00:10:41.926Z - Warning: Reconnecting in 5 seconds...
2014-04-27T00:10:46.930Z - Warning: Still no connection.
2014-04-27T00:10:46.930Z - Warning: Reconnecting in 5 seconds...
2014-04-27T00:10:51.934Z - Warning: Still no connection.
2014-04-27T00:10:51.935Z - Warning: Reconnecting in 5 seconds...
2014-04-27T00:10:56.937Z - Warning: Still no connection.
2014-04-27T00:10:56.937Z - Warning: Reconnecting in 5 seconds...
2014-04-27T00:11:01.941Z - Warning: Still no connection.
2014-04-27T00:11:01.941Z - Warning: Reconnecting in 5 seconds...
2014-04-27T00:11:06.945Z - Warning: Still no connection.
2014-04-27T00:11:06.946Z - Warning: Reconnecting in 5 seconds...
2014-04-27T00:11:11.947Z - Warning: Still no connection.
2014-04-27T00:11:11.947Z - Warning: Reconnecting in 5 seconds...
2014-04-27T00:11:16.951Z - Warning: Still no connection.
2014-04-27T00:11:16.951Z - Warning: Reconnecting in 5 seconds...
2014-04-27T00:11:21.955Z - Warning: Still no connection.
2014-04-27T00:11:21.955Z - Warning: Reconnecting in 5 seconds...
2014-04-27T00:11:26.959Z - Warning: Still no connection.
2014-04-27T00:11:26.959Z - Warning: Reconnecting in 5 seconds...
2014-04-27T00:11:31.960Z - Warning: Still no connection.
2014-04-27T00:11:31.960Z - Warning: Reconnecting in 5 seconds...
2014-04-27T00:11:36.961Z - Warning: Still no connection.
2014-04-27T00:11:36.962Z - Warning: Reconnecting in 5 seconds...
2014-04-27T00:11:41.963Z - Warning: Still no connection.
2014-04-27T00:11:41.963Z - Warning: Reconnecting in 5 seconds...
2014-04-27T00:11:46.964Z - Warning: Still no connection.
2014-04-27T00:11:46.964Z - Warning: Reconnecting in 5 seconds...
2014-04-27T00:11:51.969Z - Warning: Still no connection.
2014-04-27T00:11:51.969Z - Warning: Reconnecting in 5 seconds...
2014-04-27T00:11:56.973Z - Warning: Still no connection.
2014-04-27T00:11:56.973Z - Warning: Reconnecting in 5 seconds...
2014-04-27T00:12:01.976Z - Warning: Still no connection.
2014-04-27T00:12:01.976Z - Warning: Reconnecting in 5 seconds...
2014-04-27T00:12:06.977Z - Warning: Still no connection.
2014-04-27T00:12:06.977Z - Warning: Reconnecting in 5 seconds...
2014-04-27T00:12:11.979Z - Warning: Still no connection.
2014-04-27T00:12:11.979Z - Warning: Reconnecting in 5 seconds...
2014-04-27T00:12:16.982Z - Warning: Still no connection.
2014-04-27T00:12:16.982Z - Warning: Reconnecting in 5 seconds...
2014-04-27T00:12:21.985Z - Warning: Still no connection.
2014-04-27T00:12:21.987Z - Warning: Reconnecting in 5 seconds...
2014-04-27T00:12:26.988Z - Warning: Still no connection.
2014-04-27T00:12:26.988Z - Warning: Reconnecting in 5 seconds...
2014-04-27T00:12:31.992Z - Warning: Still no connection.
2014-04-27T00:12:31.993Z - Warning: Reconnecting in 5 seconds...
2014-04-27T00:12:36.996Z - Warning: Still no connection.
2014-04-27T00:12:36.996Z - Warning: Reconnecting in 5 seconds...
2014-04-27T00:12:41.997Z - Warning: Still no connection.
2014-04-27T00:12:41.997Z - Warning: Reconnecting in 5 seconds...
2014-04-27T00:12:46.999Z - Warning: Still no connection.
2014-04-27T00:12:47.000Z - Warning: Reconnecting in 5 seconds...
2014-04-27T00:12:52.001Z - Warning: Still no connection.
2014-04-27T00:12:52.002Z - Warning: Reconnecting in 5 seconds...
2014-04-27T00:12:57.004Z - Warning: Still no connection.
2014-04-27T00:12:57.004Z - Warning: Reconnecting in 5 seconds...
2014-04-27T00:13:02.009Z - Warning: Still no connection.
2014-04-27T00:13:02.009Z - Warning: Reconnecting in 5 seconds...
2014-04-27T00:13:07.014Z - Warning: Still no connection.
2014-04-27T00:13:07.014Z - Warning: Reconnecting in 5 seconds...
2014-04-27T00:13:12.018Z - Warning: Still no connection.
2014-04-27T00:13:12.019Z - Warning: Reconnecting in 5 seconds...
2014-04-27T00:13:17.024Z - Warning: Still no connection.
2014-04-27T00:13:17.024Z - Warning: Reconnecting in 5 seconds...
2014-04-27T00:13:22.028Z - Warning: Still no connection.
2014-04-27T00:13:22.028Z - Warning: Reconnecting in 5 seconds...
2014-04-27T00:13:27.031Z - Warning: Still no connection.
2014-04-27T00:13:27.031Z - Warning: Reconnecting in 5 seconds...
2014-04-27T00:13:32.035Z - Warning: Still no connection.
2014-04-27T00:13:32.035Z - Warning: Reconnecting in 5 seconds...
2014-04-27T00:13:37.038Z - Warning: Still no connection.
2014-04-27T00:13:37.038Z - Warning: Reconnecting in 5 seconds...
2014-04-27T00:13:42.043Z - Warning: Still no connection.
2014-04-27T00:13:42.043Z - Warning: Reconnecting in 5 seconds...
2014-04-27T00:13:47.046Z - Warning: Still no connection.
2014-04-27T00:13:47.046Z - Warning: Reconnecting in 5 seconds...
2014-04-27T00:13:52.048Z - Warning: Still no connection.
2014-04-27T00:13:52.048Z - Warning: Reconnecting in 5 seconds...
2014-04-27T00:13:57.052Z - Warning: Still no connection.
2014-04-27T00:13:57.052Z - Warning: Reconnecting in 5 seconds...
2014-04-27T00:14:02.056Z - Warning: Still no connection.
2014-04-27T00:14:02.056Z - Warning: Reconnecting in 5 seconds...
2014-04-27T00:14:07.057Z - Warning: Still no connection.
2014-04-27T00:14:07.057Z - Warning: Reconnecting in 5 seconds...
2014-04-27T00:14:12.057Z - Warning: Still no connection.
2014-04-27T00:14:12.058Z - Warning: Reconnecting in 5 seconds...
2014-04-27T00:14:17.061Z - Warning: Still no connection.
2014-04-27T00:14:17.061Z - Warning: Reconnecting in 5 seconds...
2014-04-27T00:14:22.062Z - Warning: Still no connection.
2014-04-27T00:14:22.063Z - Warning: Reconnecting in 5 seconds...
2014-04-27T00:14:27.064Z - Warning: Still no connection.
2014-04-27T00:14:27.065Z - Warning: Reconnecting in 5 seconds...
2014-04-27T00:14:32.069Z - Warning: Still no connection.
2014-04-27T00:14:32.069Z - Warning: Reconnecting in 5 seconds...
2014-04-27T00:14:37.073Z - Warning: Still no connection.
2014-04-27T00:14:37.073Z - Warning: Reconnecting in 5 seconds...
2014-04-27T00:14:42.077Z - Warning: Still no connection.
2014-04-27T00:14:42.077Z - Warning: Reconnecting in 5 seconds...
2014-04-27T00:14:47.078Z - Warning: Still no connection.
2014-04-27T00:14:47.078Z - Warning: Reconnecting in 5 seconds...
2014-04-27T00:14:52.081Z - Warning: Still no connection.
2014-04-27T00:14:52.081Z - Warning: Reconnecting in 5 seconds...
2014-04-27T00:14:57.085Z - Warning: Still no connection.
2014-04-27T00:14:57.085Z - Warning: Reconnecting in 5 seconds...
2014-04-27T00:15:02.089Z - Warning: Still no connection.
2014-04-27T00:15:02.089Z - Warning: Reconnecting in 5 seconds...
2014-04-27T00:15:07.093Z - Warning: Still no connection.
2014-04-27T00:15:07.093Z - Warning: Reconnecting in 5 seconds...
2014-04-27T00:15:12.097Z - Warning: Still no connection.
2014-04-27T00:15:12.097Z - Warning: Reconnecting in 5 seconds...
2014-04-27T00:15:17.098Z - Warning: Still no connection.
2014-04-27T00:15:17.098Z - Warning: Reconnecting in 5 seconds...
2014-04-27T00:15:22.100Z - Warning: Still no connection.
2014-04-27T00:15:22.100Z - Warning: Reconnecting in 5 seconds...
2014-04-27T00:15:27.105Z - Warning: Still no connection.
2014-04-27T00:15:27.105Z - Warning: Reconnecting in 5 seconds...
2014-04-27T00:15:32.106Z - Warning: Still no connection.
2014-04-27T00:15:32.106Z - Warning: Reconnecting in 5 seconds...
2014-04-27T00:15:37.110Z - Warning: Still no connection.
2014-04-27T00:15:37.110Z - Warning: Reconnecting in 5 seconds...
2014-04-27T00:15:42.112Z - Warning: Still no connection.
2014-04-27T00:15:42.112Z - Warning: Reconnecting in 5 seconds...
2014-04-27T00:15:47.112Z - Warning: Still no connection.
2014-04-27T00:15:47.112Z - Warning: Reconnecting in 5 seconds...
2014-04-27T00:15:52.114Z - Warning: Still no connection.
2014-04-27T00:15:52.114Z - Warning: Reconnecting in 5 seconds...
2014-04-27T00:15:57.117Z - Warning: Still no connection.
2014-04-27T00:15:57.117Z - Warning: Reconnecting in 5 seconds...
2014-04-27T00:16:02.121Z - Warning: Still no connection.
2014-04-27T00:16:02.121Z - Warning: Reconnecting in 5 seconds...
2014-04-27T00:16:07.124Z - Warning: Still no connection.
2014-04-27T00:16:07.124Z - Warning: Reconnecting in 5 seconds...
2014-04-27T00:16:12.126Z - Warning: Still no connection.
2014-04-27T00:16:12.126Z - Warning: Reconnecting in 5 seconds...
2014-04-27T00:16:17.129Z - Warning: Still no connection.
2014-04-27T00:16:17.129Z - Warning: Reconnecting in 5 seconds...
2014-04-27T00:16:22.131Z - Warning: Still no connection.
2014-04-27T00:16:22.131Z - Warning: Reconnecting in 5 seconds...
2014-04-27T00:16:27.137Z - Warning: Still no connection.
2014-04-27T00:16:27.137Z - Warning: Reconnecting in 5 seconds...
2014-04-27T00:16:32.140Z - Warning: Still no connection.
2014-04-27T00:16:32.140Z - Warning: Reconnecting in 5 seconds...
2014-04-27T00:16:37.145Z - Warning: Still no connection.
2014-04-27T00:16:37.145Z - Warning: Reconnecting in 5 seconds...
2014-04-27T00:16:42.150Z - Warning: Still no connection.
2014-04-27T00:16:42.150Z - Warning: Reconnecting in 5 seconds...
2014-04-27T00:16:47.153Z - Warning: Still no connection.
2014-04-27T00:16:47.153Z - Warning: Reconnecting in 5 seconds...
2014-04-27T00:16:52.155Z - Warning: Still no connection.
2014-04-27T00:16:52.156Z - Warning: Reconnecting in 5 seconds...
2014-04-27T00:16:57.160Z - Warning: Still no connection.
2014-04-27T00:16:57.160Z - Warning: Reconnecting in 5 seconds...
2014-04-27T00:17:02.162Z - Warning: Still no connection.
2014-04-27T00:17:02.162Z - Warning: Reconnecting in 5 seconds...
2014-04-27T00:17:07.163Z - Warning: Still no connection.
2014-04-27T00:17:07.163Z - Warning: Reconnecting in 5 seconds...
2014-04-27T00:17:12.167Z - Warning: Still no connection.
2014-04-27T00:17:12.168Z - Warning: Reconnecting in 5 seconds...
2014-04-27T00:17:17.170Z - Warning: Still no connection.
2014-04-27T00:17:17.170Z - Warning: Reconnecting in 5 seconds...
2014-04-27T00:17:22.174Z - Warning: Still no connection.
2014-04-27T00:17:22.174Z - Warning: Reconnecting in 5 seconds...
2014-04-27T00:17:27.178Z - Warning: Still no connection.
2014-04-27T00:17:27.179Z - Warning: Reconnecting in 5 seconds...
2014-04-27T00:17:32.182Z - Warning: Still no connection.
2014-04-27T00:17:32.182Z - Warning: Reconnecting in 5 seconds...
2014-04-27T00:17:37.186Z - Warning: Still no connection.
2014-04-27T00:17:37.186Z - Warning: Reconnecting in 5 seconds...
2014-04-27T00:17:42.190Z - Warning: Still no connection.
2014-04-27T00:17:42.190Z - Warning: Reconnecting in 5 seconds...
2014-04-27T00:17:47.194Z - Warning: Still no connection.
2014-04-27T00:17:47.194Z - Warning: Reconnecting in 5 seconds...
2014-04-27T00:17:52.195Z - Warning: Still no connection.
2014-04-27T00:17:52.195Z - Warning: Reconnecting in 5 seconds...
2014-04-27T00:17:57.199Z - Warning: Still no connection.
2014-04-27T00:17:57.199Z - Warning: Reconnecting in 5 seconds...
2014-04-27T00:18:02.201Z - Warning: Still no connection.
2014-04-27T00:18:02.201Z - Warning: Reconnecting in 5 seconds...
2014-04-27T00:18:07.202Z - Warning: Still no connection.
2014-04-27T00:18:07.202Z - Warning: Reconnecting in 5 seconds...
2014-04-27T00:18:12.203Z - Warning: Still no connection.
2014-04-27T00:18:12.203Z - Warning: Reconnecting in 5 seconds...
2014-04-27T00:18:17.205Z - Warning: Still no connection.
2014-04-27T00:18:17.205Z - Warning: Reconnecting in 5 seconds...
2014-04-27T00:18:22.206Z - Warning: Still no connection.
2014-04-27T00:18:22.207Z - Warning: Reconnecting in 5 seconds...
2014-04-27T00:18:27.210Z - Warning: Still no connection.
2014-04-27T00:18:27.210Z - Warning: Reconnecting in 5 seconds...
2014-04-27T00:18:32.211Z - Warning: Still no connection.
2014-04-27T00:18:32.211Z - Warning: Reconnecting in 5 seconds...
2014-04-27T00:18:37.215Z - Warning: Still no connection.
2014-04-27T00:18:37.215Z - Warning: Reconnecting in 5 seconds...
2014-04-27T00:18:42.220Z - Warning: Still no connection.
2014-04-27T00:18:42.220Z - Warning: Reconnecting in 5 seconds...
2014-04-27T00:18:47.224Z - Warning: Still no connection.
2014-04-27T00:18:47.224Z - Warning: Reconnecting in 5 seconds...
2014-04-27T00:18:52.228Z - Warning: Still no connection.
2014-04-27T00:18:52.228Z - Warning: Reconnecting in 5 seconds...
2014-04-27T00:18:57.230Z - Warning: Still no connection.
2014-04-27T00:18:57.230Z - Warning: Reconnecting in 5 seconds...
2014-04-27T00:19:02.231Z - Warning: Still no connection.
2014-04-27T00:19:02.231Z - Warning: Reconnecting in 5 seconds...
2014-04-27T00:19:07.235Z - Warning: Still no connection.
2014-04-27T00:19:07.235Z - Warning: Reconnecting in 5 seconds...
2014-04-27T00:19:12.239Z - Warning: Still no connection.
2014-04-27T00:19:12.239Z - Warning: Reconnecting in 5 seconds...
2014-04-27T00:19:17.243Z - Warning: Still no connection.
2014-04-27T00:19:17.244Z - Warning: Reconnecting in 5 seconds...
2014-04-27T00:19:22.247Z - Warning: Still no connection.
2014-04-27T00:19:22.247Z - Warning: Reconnecting in 5 seconds...
2014-04-27T00:19:27.252Z - Warning: Still no connection.
2014-04-27T00:19:27.252Z - Warning: Reconnecting in 5 seconds...
2014-04-27T00:19:32.257Z - Warning: Still no connection.
2014-04-27T00:19:32.257Z - Warning: Reconnecting in 5 seconds...
2014-04-27T00:19:37.261Z - Warning: Still no connection.
2014-04-27T00:19:37.261Z - Warning: Reconnecting in 5 seconds...
2014-04-27T00:19:42.262Z - Warning: Still no connection.
2014-04-27T00:19:42.262Z - Warning: Reconnecting in 5 seconds...
2014-04-27T00:19:47.263Z - Warning: Still no connection.
2014-04-27T00:19:47.263Z - Warning: Reconnecting in 5 seconds...
2014-04-27T00:19:52.266Z - Warning: Still no connection.
2014-04-27T00:19:52.267Z - Warning: Reconnecting in 5 seconds...
2014-04-27T00:19:57.271Z - Warning: Still no connection.
2014-04-27T00:19:57.271Z - Warning: Reconnecting in 5 seconds...
2014-04-27T00:20:02.275Z - Warning: Still no connection.
2014-04-27T00:20:02.277Z - Warning: Reconnecting in 5 seconds...
2014-04-27T00:20:07.279Z - Warning: Still no connection.
2014-04-27T00:20:07.279Z - Warning: Reconnecting in 5 seconds...
2014-04-27T00:20:12.280Z - Warning: Still no connection.
2014-04-27T00:20:12.280Z - Warning: Reconnecting in 5 seconds...
2014-04-27T00:20:17.284Z - Warning: Still no connection.
2014-04-27T00:20:17.284Z - Warning: Reconnecting in 5 seconds...
2014-04-27T00:20:22.288Z - Warning: Still no connection.
2014-04-27T00:20:22.288Z - Warning: Reconnecting in 5 seconds...
2014-04-27T00:20:27.291Z - Warning: Still no connection.
2014-04-27T00:20:27.291Z - Warning: Reconnecting in 5 seconds...
2014-04-27T00:20:32.295Z - Warning: Still no connection.
2014-04-27T00:20:32.295Z - Warning: Reconnecting in 5 seconds...
2014-04-27T00:20:37.299Z - Warning: Still no connection.
2014-04-27T00:20:37.299Z - Warning: Reconnecting in 5 seconds...
2014-04-27T00:20:42.302Z - Warning: Still no connection.
2014-04-27T00:20:42.302Z - Warning: Reconnecting in 5 seconds...
2014-04-27T00:20:47.306Z - Warning: Still no connection.
2014-04-27T00:20:47.306Z - Warning: Reconnecting in 5 seconds...
2014-04-27T00:20:52.306Z - Warning: Still no connection.
2014-04-27T00:20:52.307Z - Warning: Reconnecting in 5 seconds...
2014-04-27T00:20:57.309Z - Warning: Still no connection.
2014-04-27T00:20:57.309Z - Warning: Reconnecting in 5 seconds...
2014-04-27T00:21:02.312Z - Warning: Still no connection.
2014-04-27T00:21:02.312Z - Warning: Reconnecting in 5 seconds...
2014-04-27T00:21:07.313Z - Warning: Still no connection.
2014-04-27T00:21:07.314Z - Warning: Reconnecting in 5 seconds...
2014-04-27T00:21:12.315Z - Warning: Still no connection.
2014-04-27T00:21:12.315Z - Warning: Reconnecting in 5 seconds...
2014-04-27T00:21:17.318Z - Warning: Still no connection.
2014-04-27T00:21:17.318Z - Warning: Reconnecting in 5 seconds...
2014-04-27T00:21:22.322Z - Warning: Still no connection.
2014-04-27T00:21:22.322Z - Warning: Reconnecting in 5 seconds...
2014-04-27T00:21:27.326Z - Warning: Still no connection.
2014-04-27T00:21:27.327Z - Warning: Reconnecting in 5 seconds...
2014-04-27T00:21:32.330Z - Warning: Still no connection.
2014-04-27T00:21:32.330Z - Warning: Reconnecting in 5 seconds...
2014-04-27T00:21:37.334Z - Warning: Still no connection.
2014-04-27T00:21:37.334Z - Warning: Reconnecting in 5 seconds...
2014-04-27T00:21:42.336Z - Warning: Still no connection.
2014-04-27T00:21:42.336Z - Warning: Reconnecting in 5 seconds...
2014-04-27T00:21:47.340Z - Warning: Still no connection.
2014-04-27T00:21:47.340Z - Warning: Reconnecting in 5 seconds...
2014-04-27T00:21:52.342Z - Warning: Still no connection.
2014-04-27T00:21:52.342Z - Warning: Reconnecting in 5 seconds...
2014-04-27T00:21:57.346Z - Warning: Still no connection.
2014-04-27T00:21:57.346Z - Warning: Reconnecting in 5 seconds...
2014-04-27T00:22:02.350Z - Warning: Still no connection.
2014-04-27T00:22:02.350Z - Warning: Reconnecting in 5 seconds...
2014-04-27T00:22:07.354Z - Warning: Still no connection.
2014-04-27T00:22:07.354Z - Warning: Reconnecting in 5 seconds...
2014-04-27T00:22:12.357Z - Warning: Still no connection.
2014-04-27T00:22:12.357Z - Warning: Reconnecting in 5 seconds...
2014-04-27T00:22:17.360Z - Warning: Still no connection.
2014-04-27T00:22:17.360Z - Warning: Reconnecting in 5 seconds...
2014-04-27T00:22:22.364Z - Warning: Still no connection.
2014-04-27T00:22:22.364Z - Warning: Reconnecting in 5 seconds...
2014-04-27T00:22:27.367Z - Warning: Still no connection.
2014-04-27T00:22:27.368Z - Warning: Reconnecting in 5 seconds...
2014-04-27T00:22:32.369Z - Warning: Still no connection.
2014-04-27T00:22:32.370Z - Warning: Reconnecting in 5 seconds...
2014-04-27T00:22:37.374Z - Warning: Still no connection.
2014-04-27T00:22:37.374Z - Warning: Reconnecting in 5 seconds...
2014-04-27T00:22:42.377Z - Warning: Still no connection.
2014-04-27T00:22:42.377Z - Warning: Reconnecting in 5 seconds...
2014-04-27T00:22:47.381Z - Warning: Still no connection.
2014-04-27T00:22:47.381Z - Warning: Reconnecting in 5 seconds...
2014-04-27T00:22:52.381Z - Warning: Still no connection.
2014-04-27T00:22:52.381Z - Warning: Reconnecting in 5 seconds...
2014-04-27T00:22:57.385Z - Warning: Still no connection.
2014-04-27T00:22:57.385Z - Warning: Reconnecting in 5 seconds...
2014-04-27T00:23:02.390Z - Warning: Still no connection.
2014-04-27T00:23:02.390Z - Warning: Reconnecting in 5 seconds...
2014-04-27T00:23:07.394Z - Warning: Still no connection.
2014-04-27T00:23:07.394Z - Warning: Reconnecting in 5 seconds...
2014-04-27T00:23:12.399Z - Warning: Still no connection.
2014-04-27T00:23:12.399Z - Warning: Reconnecting in 5 seconds...
2014-04-27T00:23:17.400Z - Warning: Still no connection.
2014-04-27T00:23:17.400Z - Warning: Reconnecting in 5 seconds...
2014-04-27T00:23:22.402Z - Warning: Still no connection.
2014-04-27T00:23:22.402Z - Warning: Reconnecting in 5 seconds...
2014-04-27T00:23:27.406Z - Warning: Still no connection.
2014-04-27T00:23:27.407Z - Warning: Reconnecting in 5 seconds...
2014-04-27T00:23:32.410Z - Warning: Still no connection.
2014-04-27T00:23:32.410Z - Warning: Reconnecting in 5 seconds...
2014-04-27T00:23:37.411Z - Warning: Still no connection.
2014-04-27T00:23:37.411Z - Warning: Reconnecting in 5 seconds...
2014-04-27T00:23:42.415Z - Warning: Still no connection.
2014-04-27T00:23:42.415Z - Warning: Reconnecting in 5 seconds...
2014-04-27T00:23:47.420Z - Warning: Still no connection.
2014-04-27T00:23:47.420Z - Warning: Reconnecting in 5 seconds...
2014-04-27T00:23:52.424Z - Warning: Still no connection.
2014-04-27T00:23:52.424Z - Warning: Reconnecting in 5 seconds...
2014-04-27T00:23:57.427Z - Warning: Still no connection.
2014-04-27T00:23:57.427Z - Warning: Reconnecting in 5 seconds...
2014-04-27T00:24:02.432Z - Warning: Still no connection.
2014-04-27T00:24:02.432Z - Warning: Reconnecting in 5 seconds...
2014-04-27T00:24:07.436Z - Warning: Still no connection.
2014-04-27T00:24:07.436Z - Warning: Reconnecting in 5 seconds...
2014-04-27T00:24:12.440Z - Warning: Still no connection.
2014-04-27T00:24:12.440Z - Warning: Reconnecting in 5 seconds...
2014-04-27T00:24:17.445Z - Warning: Still no connection.
2014-04-27T00:24:17.445Z - Warning: Reconnecting in 5 seconds...
2014-04-27T00:24:22.448Z - Warning: Still no connection.
2014-04-27T00:24:22.448Z - Warning: Reconnecting in 5 seconds...
2014-04-27T00:24:27.453Z - Warning: Still no connection.
2014-04-27T00:24:27.453Z - Warning: Reconnecting in 5 seconds...
2014-04-27T00:24:32.456Z - Warning: Still no connection.
2014-04-27T00:24:32.456Z - Warning: Reconnecting in 5 seconds...
2014-04-27T00:24:37.460Z - Warning: Still no connection.
2014-04-27T00:24:37.460Z - Warning: Reconnecting in 5 seconds...
2014-04-27T00:24:42.464Z - Warning: Still no connection.
2014-04-27T00:24:42.464Z - Warning: Reconnecting in 5 seconds...
2014-04-27T00:24:47.465Z - Warning: Still no connection.
2014-04-27T00:24:47.465Z - Warning: Reconnecting in 5 seconds...
2014-04-27T00:24:52.469Z - Warning: Still no connection.
2014-04-27T00:24:52.469Z - Warning: Reconnecting in 5 seconds...
2014-04-27T00:24:57.471Z - Warning: Still no connection.
2014-04-27T00:24:57.471Z - Warning: Reconnecting in 5 seconds...
2014-04-27T00:25:02.476Z - Warning: Still no connection.
2014-04-27T00:25:02.476Z - Warning: Reconnecting in 5 seconds...
2014-04-27T00:25:07.480Z - Warning: Still no connection.
2014-04-27T00:25:07.480Z - Warning: Reconnecting in 5 seconds...
2014-04-27T00:25:12.484Z - Warning: Still no connection.
2014-04-27T00:25:12.484Z - Warning: Reconnecting in 5 seconds...
2014-04-27T00:25:17.489Z - Warning: Still no connection.
2014-04-27T00:25:17.489Z - Warning: Reconnecting in 5 seconds...
2014-04-27T00:25:22.494Z - Warning: Still no connection.
2014-04-27T00:25:22.494Z - Warning: Reconnecting in 5 seconds...
2014-04-27T00:25:27.496Z - Warning: Still no connection.
2014-04-27T00:25:27.496Z - Warning: Reconnecting in 5 seconds...
2014-04-27T00:25:32.498Z - Warning: Still no connection.
2014-04-27T00:25:32.498Z - Warning: Reconnecting in 5 seconds...
2014-04-27T00:25:37.502Z - Warning: Still no connection.
2014-04-27T00:25:37.502Z - Warning: Reconnecting in 5 seconds...
2014-04-27T00:25:42.505Z - Warning: Still no connection.
2014-04-27T00:25:42.506Z - Warning: Reconnecting in 5 seconds...
2014-04-27T00:25:47.509Z - Warning: Still no connection.
2014-04-27T00:25:47.509Z - Warning: Reconnecting in 5 seconds...
2014-04-27T00:25:52.512Z - Warning: Still no connection.
2014-04-27T00:25:52.512Z - Warning: Reconnecting in 5 seconds...
2014-04-27T00:25:57.517Z - Warning: Still no connection.
2014-04-27T00:25:57.517Z - Warning: Reconnecting in 5 seconds...
2014-04-27T00:26:02.519Z - Warning: Still no connection.
2014-04-27T00:26:02.519Z - Warning: Reconnecting in 5 seconds...
2014-04-27T00:26:07.521Z - Warning: Still no connection.
2014-04-27T00:26:07.521Z - Warning: Reconnecting in 5 seconds...
2014-04-27T00:26:12.524Z - Warning: Still no connection.
2014-04-27T00:26:12.524Z - Warning: Reconnecting in 5 seconds...
2014-04-27T00:26:17.525Z - Warning: Still no connection.
2014-04-27T00:26:17.525Z - Warning: Reconnecting in 5 seconds...
2014-04-27T00:26:22.528Z - Warning: Still no connection.
2014-04-27T00:26:22.528Z - Warning: Reconnecting in 5 seconds...
2014-04-27T00:26:27.532Z - Warning: Still no connection.
2014-04-27T00:26:27.532Z - Warning: Reconnecting in 5 seconds...
2014-04-27T00:26:32.533Z - Warning: Still no connection.
2014-04-27T00:26:32.533Z - Warning: Reconnecting in 5 seconds...
2014-04-27T00:26:37.536Z - Warning: Still no connection.
2014-04-27T00:26:37.536Z - Warning: Reconnecting in 5 seconds...
2014-04-27T00:26:42.540Z - Warning: Still no connection.
2014-04-27T00:26:42.540Z - Warning: Reconnecting in 5 seconds...
2014-04-27T00:26:47.544Z - Warning: Still no connection.
2014-04-27T00:26:47.545Z - Warning: Reconnecting in 5 seconds...
2014-04-27T00:26:52.548Z - Warning: Still no connection.
2014-04-27T00:26:52.548Z - Warning: Reconnecting in 5 seconds...
2014-04-27T00:26:57.552Z - Warning: Still no connection.
2014-04-27T00:26:57.552Z - Warning: Reconnecting in 5 seconds...
2014-04-27T00:27:02.556Z - Warning: Still no connection.
2014-04-27T00:27:02.556Z - Warning: Reconnecting in 5 seconds...
2014-04-27T00:27:07.560Z - Warning: Still no connection.
2014-04-27T00:27:07.560Z - Warning: Reconnecting in 5 seconds...
2014-04-27T00:27:12.564Z - Warning: Still no connection.
2014-04-27T00:27:12.565Z - Warning: Reconnecting in 5 seconds...
2014-04-27T00:27:17.569Z - Warning: Still no connection.
2014-04-27T00:27:17.570Z - Warning: Reconnecting in 5 seconds...
2014-04-27T00:27:22.571Z - Warning: Still no connection.
2014-04-27T00:27:22.571Z - Warning: Reconnecting in 5 seconds...
2014-04-27T00:27:27.571Z - Warning: Still no connection.
2014-04-27T00:27:27.572Z - Warning: Reconnecting in 5 seconds...
2014-04-27T00:27:32.575Z - Warning: Still no connection.
2014-04-27T00:27:32.575Z - Warning: Reconnecting in 5 seconds...
2014-04-27T00:27:37.579Z - Warning: Still no connection.
2014-04-27T00:27:37.579Z - Warning: Reconnecting in 5 seconds...
2014-04-27T00:27:42.583Z - Warning: Still no connection.
2014-04-27T00:27:42.583Z - Warning: Reconnecting in 5 seconds...
2014-04-27T00:27:47.584Z - Warning: Still no connection.
2014-04-27T00:27:47.584Z - Warning: Reconnecting in 5 seconds...
2014-04-27T00:27:52.588Z - Warning: Still no connection.
2014-04-27T00:27:52.588Z - Warning: Reconnecting in 5 seconds...
2014-04-27T00:27:57.589Z - Warning: Still no connection.
2014-04-27T00:27:57.589Z - Warning: Reconnecting in 5 seconds...
2014-04-27T00:28:02.594Z - Warning: Still no connection.
2014-04-27T00:28:02.594Z - Warning: Reconnecting in 5 seconds...
2014-04-27T00:28:07.598Z - Warning: Still no connection.
2014-04-27T00:28:07.598Z - Warning: Reconnecting in 5 seconds...
2014-04-27T00:28:12.602Z - Warning: Still no connection.
2014-04-27T00:28:12.602Z - Warning: Reconnecting in 5 seconds...
2014-04-27T00:28:17.605Z - Warning: Still no connection.
2014-04-27T00:28:17.606Z - Warning: Reconnecting in 5 seconds...
2014-04-27T00:28:22.606Z - Warning: Still no connection.
2014-04-27T00:28:22.606Z - Warning: Reconnecting in 5 seconds...
2014-04-27T00:28:27.607Z - Warning: Still no connection.
2014-04-27T00:28:27.607Z - Warning: Reconnecting in 5 seconds...
2014-04-27T00:28:32.611Z - Warning: Still no connection.
2014-04-27T00:28:32.611Z - Warning: Reconnecting in 5 seconds...
2014-04-27T00:28:37.614Z - Warning: Still no connection.
2014-04-27T00:28:37.614Z - Warning: Reconnecting in 5 seconds...
2014-04-27T00:28:42.618Z - Warning: Still no connection.
2014-04-27T00:28:42.618Z - Warning: Reconnecting in 5 seconds...
2014-04-27T00:28:47.621Z - Warning: Still no connection.
2014-04-27T00:28:47.621Z - Warning: Reconnecting in 5 seconds...
2014-04-27T00:28:52.624Z - Warning: Still no connection.
2014-04-27T00:28:52.624Z - Warning: Reconnecting in 5 seconds...
2014-04-27T00:28:57.627Z - Warning: Still no connection.
2014-04-27T00:28:57.627Z - Warning: Reconnecting in 5 seconds...
2014-04-27T00:29:02.628Z - Warning: Still no connection.
2014-04-27T00:29:02.629Z - Warning: Reconnecting in 5 seconds...
2014-04-27T00:29:07.633Z - Warning: Still no connection.
2014-04-27T00:29:07.634Z - Warning: Reconnecting in 5 seconds...
2014-04-27T00:29:12.637Z - Warning: Still no connection.
2014-04-27T00:29:12.637Z - Warning: Reconnecting in 5 seconds...
2014-04-27T00:29:17.641Z - Warning: Still no connection.
2014-04-27T00:29:17.641Z - Warning: Reconnecting in 5 seconds...
2014-04-27T00:29:22.646Z - Warning: Still no connection.
2014-04-27T00:29:22.646Z - Warning: Reconnecting in 5 seconds...
2014-04-27T00:29:27.648Z - Warning: Still no connection.
2014-04-27T00:29:27.648Z - Warning: Reconnecting in 5 seconds...
2014-04-27T00:29:32.653Z - Warning: Still no connection.
2014-04-27T00:29:32.653Z - Warning: Reconnecting in 5 seconds...
2014-04-27T00:29:37.655Z - Warning: Still no connection.
2014-04-27T00:29:37.655Z - Warning: Reconnecting in 5 seconds...
2014-04-27T00:29:42.659Z - Warning: Still no connection.
2014-04-27T00:29:42.660Z - Warning: Reconnecting in 5 seconds...
2014-04-27T00:29:47.661Z - Warning: Still no connection.
2014-04-27T00:29:47.662Z - Warning: Reconnecting in 5 seconds...
2014-04-27T00:29:52.665Z - Warning: Still no connection.
2014-04-27T00:29:52.666Z - Warning: Reconnecting in 5 seconds...
2014-04-27T00:29:57.668Z - Warning: Still no connection.
2014-04-27T00:29:57.668Z - Warning: Reconnecting in 5 seconds...
2014-04-27T00:30:02.672Z - Warning: Still no connection.
2014-04-27T00:30:02.672Z - Warning: Reconnecting in 5 seconds...
2014-04-27T00:30:07.675Z - Warning: Still no connection.
2014-04-27T00:30:07.675Z - Warning: Reconnecting in 5 seconds...
2014-04-27T00:30:12.678Z - Warning: Still no connection.
2014-04-27T00:30:12.679Z - Warning: Reconnecting in 5 seconds...
2014-04-27T00:30:17.683Z - Warning: Still no connection.
2014-04-27T00:30:17.684Z - Warning: Reconnecting in 5 seconds...
2014-04-27T00:30:22.685Z - Warning: Still no connection.
2014-04-27T00:30:22.685Z - Warning: Reconnecting in 5 seconds...
2014-04-27T00:30:27.690Z - Warning: Still no connection.
2014-04-27T00:30:27.690Z - Warning: Reconnecting in 5 seconds...
2014-04-27T00:30:32.695Z - Warning: Still no connection.
2014-04-27T00:30:32.695Z - Warning: Reconnecting in 5 seconds...
2014-04-27T00:30:37.699Z - Warning: Still no connection.
2014-04-27T00:30:37.699Z - Warning: Reconnecting in 5 seconds...
2014-04-27T00:30:42.699Z - Warning: Still no connection.
2014-04-27T00:30:42.699Z - Warning: Reconnecting in 5 seconds...
2014-04-27T00:30:47.703Z - Warning: Still no connection.
2014-04-27T00:30:47.703Z - Warning: Reconnecting in 5 seconds...
2014-04-27T00:30:52.707Z - Warning: Still no connection.
2014-04-27T00:30:52.707Z - Warning: Reconnecting in 5 seconds...
2014-04-27T00:30:57.712Z - Warning: Still no connection.
2014-04-27T00:30:57.712Z - Warning: Reconnecting in 5 seconds...
2014-04-27T00:31:02.714Z - Warning: Still no connection.
2014-04-27T00:31:02.714Z - Warning: Reconnecting in 5 seconds...
2014-04-27T00:31:07.718Z - Warning: Still no connection.
2014-04-27T00:31:07.718Z - Warning: Reconnecting in 5 seconds...
2014-04-27T00:31:12.723Z - Warning: Still no connection.
2014-04-27T00:31:12.723Z - Warning: Reconnecting in 5 seconds...
2014-04-27T00:31:17.728Z - Warning: Still no connection.
2014-04-27T00:31:17.728Z - Warning: Reconnecting in 5 seconds...
2014-04-27T00:31:22.730Z - Warning: Still no connection.
2014-04-27T00:31:22.731Z - Warning: Reconnecting in 5 seconds...
2014-04-27T00:31:27.732Z - Warning: Still no connection.
2014-04-27T00:31:27.732Z - Warning: Reconnecting in 5 seconds...
2014-04-27T00:31:32.737Z - Warning: Still no connection.
2014-04-27T00:31:32.737Z - Warning: Reconnecting in 5 seconds...
2014-04-27T00:31:37.739Z - Warning: Still no connection.
2014-04-27T00:31:37.739Z - Warning: Reconnecting in 5 seconds...
2014-04-27T00:31:42.743Z - Warning: Still no connection.
2014-04-27T00:31:42.743Z - Warning: Reconnecting in 5 seconds...
2014-04-27T00:31:47.745Z - Warning: Still no connection.
2014-04-27T00:31:47.745Z - Warning: Reconnecting in 5 seconds...
2014-04-27T00:31:52.746Z - Warning: Still no connection.
2014-04-27T00:31:52.746Z - Warning: Reconnecting in 5 seconds...
2014-04-27T00:31:57.750Z - Warning: Still no connection.
2014-04-27T00:31:57.750Z - Warning: Reconnecting in 5 seconds...
2014-04-27T00:32:02.751Z - Warning: Still no connection.
2014-04-27T00:32:02.752Z - Warning: Reconnecting in 5 seconds...
2014-04-27T00:32:07.756Z - Warning: Still no connection.
2014-04-27T00:32:07.756Z - Warning: Reconnecting in 5 seconds...
2014-04-27T00:32:12.760Z - Warning: Still no connection.
2014-04-27T00:32:12.760Z - Warning: Reconnecting in 5 seconds...
2014-04-27T00:32:17.765Z - Warning: Still no connection.
2014-04-27T00:32:17.765Z - Warning: Reconnecting in 5 seconds...
2014-04-27T00:32:22.766Z - Warning: Still no connection.
2014-04-27T00:32:22.766Z - Warning: Reconnecting in 5 seconds...
2014-04-27T00:32:27.768Z - Warning: Still no connection.
2014-04-27T00:32:27.768Z - Warning: Reconnecting in 5 seconds...
2014-04-27T00:32:32.771Z - Warning: Still no connection.
2014-04-27T00:32:32.772Z - Warning: Reconnecting in 5 seconds...
2014-04-27T00:32:37.776Z - Warning: Still no connection.
2014-04-27T00:32:37.776Z - Warning: Reconnecting in 5 seconds...
2014-04-27T00:32:42.780Z - Warning: Still no connection.
2014-04-27T00:32:42.780Z - Warning: Reconnecting in 5 seconds...
2014-04-27T00:32:47.782Z - Warning: Still no connection.
2014-04-27T00:32:47.782Z - Warning: Reconnecting in 5 seconds...
2014-04-27T00:32:52.783Z - Warning: Still no connection.
2014-04-27T00:32:52.783Z - Warning: Reconnecting in 5 seconds...
2014-04-27T00:32:57.786Z - Warning: Still no connection.
2014-04-27T00:32:57.786Z - Warning: Reconnecting in 5 seconds...
2014-04-27T00:33:02.789Z - Warning: Still no connection.
2014-04-27T00:33:02.789Z - Warning: Reconnecting in 5 seconds...
2014-04-27T00:33:07.791Z - Warning: Still no connection.
2014-04-27T00:33:07.792Z - Warning: Reconnecting in 5 seconds...
2014-04-27T00:33:12.795Z - Warning: Still no connection.
2014-04-27T00:33:12.795Z - Warning: Reconnecting in 5 seconds...
2014-04-27T00:33:17.796Z - Warning: Still no connection.
2014-04-27T00:33:17.797Z - Warning: Reconnecting in 5 seconds...
2014-04-27T00:33:22.797Z - Warning: Still no connection.
2014-04-27T00:33:22.798Z - Warning: Reconnecting in 5 seconds...
2014-04-27T00:33:27.798Z - Warning: Still no connection.
2014-04-27T00:33:27.798Z - Warning: Reconnecting in 5 seconds...
2014-04-27T00:33:32.801Z - Warning: Still no connection.
2014-04-27T00:33:32.801Z - Warning: Reconnecting in 5 seconds...
2014-04-27T00:33:37.803Z - Warning: Still no connection.
2014-04-27T00:33:37.803Z - Warning: Reconnecting in 5 seconds...
2014-04-27T00:33:42.804Z - Warning: Still no connection.
2014-04-27T00:33:42.804Z - Warning: Reconnecting in 5 seconds...
2014-04-27T00:33:47.808Z - Warning: Still no connection.
2014-04-27T00:33:47.808Z - Warning: Reconnecting in 5 seconds...
2014-04-27T00:33:52.809Z - Warning: Still no connection.
2014-04-27T00:33:52.809Z - Warning: Reconnecting in 5 seconds...
2014-04-27T00:33:57.813Z - Warning: Still no connection.
2014-04-27T00:33:57.813Z - Warning: Reconnecting in 5 seconds...
2014-04-27T00:34:02.818Z - Warning: Still no connection.
2014-04-27T00:34:02.818Z - Warning: Reconnecting in 5 seconds...
2014-04-27T00:34:07.819Z - Warning: Still no connection.
2014-04-27T00:34:07.819Z - Warning: Reconnecting in 5 seconds...
2014-04-27T00:34:12.823Z - Warning: Still no connection.
2014-04-27T00:34:12.823Z - Warning: Reconnecting in 5 seconds...
2014-04-27T00:34:17.826Z - Warning: Still no connection.
2014-04-27T00:34:17.826Z - Warning: Reconnecting in 5 seconds...
2014-04-27T00:34:22.827Z - Warning: Still no connection.
2014-04-27T00:34:22.827Z - Warning: Reconnecting in 5 seconds...
2014-04-27T00:34:27.832Z - Warning: Still no connection.
2014-04-27T00:34:27.832Z - Warning: Reconnecting in 5 seconds...
2014-04-27T00:34:32.835Z - Warning: Still no connection.
2014-04-27T00:34:32.835Z - Warning: Reconnecting in 5 seconds...
2014-04-27T00:34:37.840Z - Warning: Still no connection.
2014-04-27T00:34:37.840Z - Warning: Reconnecting in 5 seconds...
2014-04-27T00:34:42.843Z - Warning: Still no connection.
2014-04-27T00:34:42.843Z - Warning: Reconnecting in 5 seconds...
2014-04-27T00:34:47.847Z - Warning: Still no connection.
2014-04-27T00:34:47.847Z - Warning: Reconnecting in 5 seconds...
2014-04-27T00:34:52.848Z - Warning: Still no connection.
2014-04-27T00:34:52.848Z - Warning: Reconnecting in 5 seconds...
2014-04-27T00:34:57.853Z - Warning: Still no connection.
2014-04-27T00:34:57.853Z - Warning: Reconnecting in 5 seconds...
2014-04-27T00:35:02.857Z - Warning: Still no connection.
2014-04-27T00:35:02.858Z - Warning: Reconnecting in 5 seconds...
2014-04-27T00:35:07.862Z - Warning: Still no connection.
2014-04-27T00:35:07.862Z - Warning: Reconnecting in 5 seconds...
2014-04-27T00:35:12.865Z - Warning: Still no connection.
2014-04-27T00:35:12.865Z - Warning: Reconnecting in 5 seconds...
2014-04-27T00:35:17.870Z - Warning: Still no connection.
2014-04-27T00:35:17.870Z - Warning: Reconnecting in 5 seconds...
2014-04-27T00:35:22.870Z - Warning: Still no connection.
2014-04-27T00:35:22.871Z - Warning: Reconnecting in 5 seconds...
2014-04-27T00:35:27.872Z - Warning: Still no connection.
2014-04-27T00:35:27.872Z - Warning: Reconnecting in 5 seconds...
2014-04-27T00:35:32.876Z - Warning: Still no connection.
2014-04-27T00:35:32.876Z - Warning: Reconnecting in 5 seconds...
2014-04-27T00:35:37.880Z - Warning: Still no connection.
2014-04-27T00:35:37.881Z - Warning: Reconnecting in 5 seconds...
2014-04-27T00:35:42.885Z - Warning: Still no connection.
2014-04-27T00:35:42.885Z - Warning: Reconnecting in 5 seconds...
2014-04-27T00:35:47.889Z - Warning: Still no connection.
2014-04-27T00:35:47.889Z - Warning: Reconnecting in 5 seconds...
2014-04-27T00:35:52.890Z - Warning: Still no connection.
2014-04-27T00:35:52.890Z - Warning: Reconnecting in 5 seconds...
2014-04-27T00:35:57.894Z - Warning: Still no connection.
2014-04-27T00:35:57.895Z - Warning: Reconnecting in 5 seconds...
2014-04-27T00:36:02.896Z - Warning: Still no connection.
2014-04-27T00:36:02.896Z - Warning: Reconnecting in 5 seconds...
2014-04-27T00:36:07.901Z - Warning: Still no connection.
2014-04-27T00:36:07.901Z - Warning: Reconnecting in 5 seconds...
2014-04-27T00:36:12.906Z - Warning: Still no connection.
2014-04-27T00:36:12.906Z - Warning: Reconnecting in 5 seconds...
2014-04-27T00:36:17.907Z - Warning: Still no connection.
2014-04-27T00:36:17.907Z - Warning: Reconnecting in 5 seconds...
2014-04-27T00:36:22.909Z - Warning: Still no connection.
2014-04-27T00:36:22.909Z - Warning: Reconnecting in 5 seconds...
2014-04-27T00:36:27.911Z - Warning: Still no connection.
2014-04-27T00:36:27.911Z - Warning: Reconnecting in 5 seconds...
2014-04-27T00:36:32.912Z - Warning: Still no connection.
2014-04-27T00:36:32.912Z - Warning: Reconnecting in 5 seconds...
2014-04-27T00:36:37.917Z - Warning: Still no connection.
2014-04-27T00:36:37.917Z - Warning: Reconnecting in 5 seconds...
2014-04-27T00:36:42.918Z - Warning: Still no connection.
2014-04-27T00:36:42.918Z - Warning: Reconnecting in 5 seconds...
2014-04-27T00:36:47.920Z - Warning: Still no connection.
2014-04-27T00:36:47.920Z - Warning: Reconnecting in 5 seconds...
2014-04-27T00:36:52.921Z - Warning: Still no connection.
2014-04-27T00:36:52.921Z - Warning: Reconnecting in 5 seconds...
2014-04-27T00:36:57.923Z - Warning: Still no connection.
2014-04-27T00:36:57.923Z - Warning: Reconnecting in 5 seconds...
2014-04-27T00:37:02.927Z - Warning: Still no connection.
2014-04-27T00:37:02.927Z - Warning: Reconnecting in 5 seconds...
2014-04-27T00:37:07.930Z - Warning: Still no connection.
2014-04-27T00:37:07.930Z - Warning: Reconnecting in 5 seconds...
2014-04-27T00:37:12.931Z - Warning: Still no connection.
2014-04-27T00:37:12.931Z - Warning: Reconnecting in 5 seconds...
2014-04-27T00:37:17.932Z - Warning: Still no connection.
2014-04-27T00:37:17.932Z - Warning: Reconnecting in 5 seconds...
2014-04-27T00:37:22.933Z - Warning: Still no connection.
2014-04-27T00:37:22.933Z - Warning: Reconnecting in 5 seconds...
2014-04-27T00:37:27.934Z - Warning: Still no connection.
2014-04-27T00:37:27.934Z - Warning: Reconnecting in 5 seconds...
2014-04-27T00:37:32.937Z - Warning: Still no connection.
2014-04-27T00:37:32.937Z - Warning: Reconnecting in 5 seconds...
2014-04-27T00:37:37.941Z - Warning: Still no connection.
2014-04-27T00:37:37.941Z - Warning: Reconnecting in 5 seconds...
2014-04-27T00:37:42.944Z - Warning: Still no connection.
2014-04-27T00:37:42.944Z - Warning: Reconnecting in 5 seconds...
2014-04-27T00:37:47.945Z - Warning: Still no connection.
2014-04-27T00:37:47.945Z - Warning: Reconnecting in 5 seconds...
2014-04-27T00:37:52.945Z - Warning: Still no connection.
2014-04-27T00:37:52.945Z - Warning: Reconnecting in 5 seconds...
2014-04-27T00:37:57.949Z - Warning: Still no connection.
2014-04-27T00:37:57.949Z - Warning: Reconnecting in 5 seconds...
2014-04-27T00:38:02.953Z - Warning: Still no connection.
2014-04-27T00:38:02.953Z - Warning: Reconnecting in 5 seconds...
2014-04-27T00:38:07.953Z - Warning: Still no connection.
2014-04-27T00:38:07.953Z - Warning: Reconnecting in 5 seconds...
2014-04-27T00:38:12.955Z - Warning: Still no connection.
2014-04-27T00:38:12.955Z - Warning: Reconnecting in 5 seconds...
2014-04-27T00:38:17.956Z - Warning: Still no connection.
2014-04-27T00:38:17.956Z - Warning: Reconnecting in 5 seconds...
2014-04-27T00:38:22.957Z - Warning: Still no connection.
2014-04-27T00:38:22.957Z - Warning: Reconnecting in 5 seconds...
2014-04-27T00:38:27.961Z - Warning: Still no connection.
2014-04-27T00:38:27.961Z - Warning: Reconnecting in 5 seconds...
2014-04-27T00:38:32.961Z - Warning: Still no connection.
2014-04-27T00:38:32.962Z - Warning: Reconnecting in 5 seconds...
2014-04-27T00:38:37.965Z - Warning: Still no connection.
2014-04-27T00:38:37.965Z - Warning: Reconnecting in 5 seconds...
2014-04-27T00:38:42.968Z - Warning: Still no connection.
2014-04-27T00:38:42.968Z - Warning: Reconnecting in 5 seconds...
2014-04-27T00:38:47.972Z - Warning: Still no connection.
2014-04-27T00:38:47.972Z - Warning: Reconnecting in 5 seconds...
2014-04-27T00:38:52.973Z - Warning: Still no connection.
2014-04-27T00:38:52.973Z - Warning: Reconnecting in 5 seconds...
2014-04-27T00:38:57.973Z - Warning: Still no connection.
2014-04-27T00:38:57.973Z - Warning: Reconnecting in 5 seconds...
2014-04-27T00:39:02.977Z - Warning: Still no connection.
2014-04-27T00:39:02.977Z - Warning: Reconnecting in 5 seconds...
2014-04-27T00:39:07.978Z - Warning: Still no connection.
2014-04-27T00:39:07.978Z - Warning: Reconnecting in 5 seconds...
2014-04-27T00:39:12.980Z - Warning: Still no connection.
2014-04-27T00:39:12.980Z - Warning: Reconnecting in 5 seconds...
2014-04-27T00:39:17.984Z - Warning: Still no connection.
2014-04-27T00:39:17.984Z - Warning: Reconnecting in 5 seconds...
2014-04-27T00:39:22.984Z - Warning: Still no connection.
2014-04-27T00:39:22.984Z - Warning: Reconnecting in 5 seconds...
2014-04-27T00:39:27.988Z - Warning: Still no connection.
2014-04-27T00:39:27.988Z - Warning: Reconnecting in 5 seconds...
2014-04-27T00:39:32.992Z - Warning: Still no connection.
2014-04-27T00:39:32.992Z - Warning: Reconnecting in 5 seconds...
2014-04-27T00:39:37.996Z - Warning: Still no connection.
2014-04-27T00:39:37.997Z - Warning: Reconnecting in 5 seconds...
2014-04-27T00:39:43.000Z - Warning: Still no connection.
2014-04-27T00:39:43.000Z - Warning: Reconnecting in 5 seconds...
2014-04-27T00:39:48.002Z - Warning: Still no connection.
2014-04-27T00:39:48.003Z - Warning: Reconnecting in 5 seconds...
2014-04-27T00:39:53.003Z - Warning: Still no connection.
2014-04-27T00:39:53.004Z - Warning: Reconnecting in 5 seconds...
2014-04-27T00:39:58.008Z - Warning: Still no connection.
2014-04-27T00:39:58.009Z - Warning: Reconnecting in 5 seconds...
2014-04-27T00:40:03.010Z - Warning: Still no connection.
2014-04-27T00:40:03.010Z - Warning: Reconnecting in 5 seconds...
2014-04-27T00:40:08.012Z - Warning: Still no connection.
2014-04-27T00:40:08.012Z - Warning: Reconnecting in 5 seconds...
2014-04-27T00:40:13.016Z - Warning: Still no connection.
2014-04-27T00:40:13.016Z - Warning: Reconnecting in 5 seconds...
2014-04-27T00:40:18.021Z - Warning: Still no connection.
2014-04-27T00:40:18.021Z - Warning: Reconnecting in 5 seconds...
2014-04-27T00:40:23.021Z - Warning: Still no connection.
2014-04-27T00:40:23.021Z - Warning: Reconnecting in 5 seconds...
2014-04-27T00:40:28.024Z - Warning: Still no connection.
2014-04-27T00:40:28.024Z - Warning: Reconnecting in 5 seconds...
2014-04-27T00:40:33.029Z - Warning: Still no connection.
2014-04-27T00:40:33.029Z - Warning: Reconnecting in 5 seconds...
2014-04-27T00:40:38.030Z - Warning: Still no connection.
2014-04-27T00:40:38.030Z - Warning: Reconnecting in 5 seconds...
2014-04-27T00:40:43.032Z - Warning: Still no connection.
2014-04-27T00:40:43.033Z - Warning: Reconnecting in 5 seconds...
2014-04-27T00:40:48.034Z - Warning: Still no connection.
2014-04-27T00:40:48.034Z - Warning: Reconnecting in 5 seconds...
2014-04-27T00:40:53.035Z - Warning: Still no connection.
2014-04-27T00:40:53.035Z - Warning: Reconnecting in 5 seconds...
2014-04-27T00:40:58.040Z - Warning: Still no connection.
2014-04-27T00:40:58.040Z - Warning: Reconnecting in 5 seconds...
2014-04-27T00:41:03.044Z - Warning: Still no connection.
2014-04-27T00:41:03.044Z - Warning: Reconnecting in 5 seconds...
2014-04-27T00:41:08.048Z - Warning: Still no connection.
2014-04-27T00:41:08.048Z - Warning: Reconnecting in 5 seconds...
2014-04-27T00:41:13.052Z - Warning: Still no connection.
2014-04-27T00:41:13.052Z - Warning: Reconnecting in 5 seconds...
2014-04-27T00:41:18.056Z - Warning: Still no connection.
2014-04-27T00:41:18.056Z - Warning: Reconnecting in 5 seconds...
2014-04-27T00:41:23.057Z - Warning: Still no connection.
2014-04-27T00:41:23.057Z - Warning: Reconnecting in 5 seconds...
2014-04-27T00:41:28.061Z - Warning: Still no connection.
2014-04-27T00:41:28.061Z - Warning: Reconnecting in 5 seconds...
2014-04-27T00:41:33.065Z - Warning: Still no connection.
2014-04-27T00:41:33.065Z - Warning: Reconnecting in 5 seconds...
2014-04-27T00:41:38.069Z - Warning: Still no connection.
2014-04-27T00:41:38.070Z - Warning: Reconnecting in 5 seconds...
2014-04-27T00:41:43.074Z - Warning: Still no connection.
2014-04-27T00:41:43.075Z - Warning: Reconnecting in 5 seconds...
2014-04-27T00:41:48.079Z - Warning: Still no connection.
2014-04-27T00:41:48.079Z - Warning: Reconnecting in 5 seconds...
2014-04-27T00:41:53.079Z - Warning: Still no connection.
2014-04-27T00:41:53.079Z - Warning: Reconnecting in 5 seconds...
2014-04-27T00:41:58.079Z - Warning: Still no connection.
2014-04-27T00:41:58.079Z - Warning: Reconnecting in 5 seconds...
2014-04-27T00:42:03.079Z - Warning: Still no connection.
2014-04-27T00:42:03.080Z - Warning: Reconnecting in 5 seconds...
2014-04-27T00:42:08.080Z - Warning: Still no connection.
2014-04-27T00:42:08.080Z - Warning: Reconnecting in 5 seconds...
2014-04-27T00:42:13.084Z - Warning: Still no connection.
2014-04-27T00:42:13.084Z - Warning: Reconnecting in 5 seconds...
2014-04-27T00:42:18.084Z - Warning: Still no connection.
2014-04-27T00:42:18.085Z - Warning: Reconnecting in 5 seconds...
2014-04-27T00:42:23.085Z - Warning: Still no connection.
2014-04-27T00:42:23.085Z - Warning: Reconnecting in 5 seconds...
2014-04-27T00:42:28.085Z - Warning: Still no connection.
2014-04-27T00:42:28.085Z - Warning: Reconnecting in 5 seconds...
2014-04-27T00:42:33.088Z - Warning: Still no connection.
2014-04-27T00:42:33.088Z - Warning: Reconnecting in 5 seconds...
2014-04-27T00:42:38.090Z - Warning: Still no connection.
2014-04-27T00:42:38.090Z - Warning: Reconnecting in 5 seconds...
2014-04-27T00:42:43.094Z - Warning: Still no connection.
2014-04-27T00:42:43.095Z - Warning: Reconnecting in 5 seconds...
2014-04-27T00:42:48.096Z - Warning: Still no connection.
2014-04-27T00:42:48.096Z - Warning: Reconnecting in 5 seconds...
2014-04-27T00:42:53.096Z - Warning: Still no connection.
2014-04-27T00:42:53.097Z - Warning: Reconnecting in 5 seconds...
2014-04-27T00:42:58.100Z - Warning: Still no connection.
2014-04-27T00:42:58.100Z - Warning: Reconnecting in 5 seconds...
2014-04-27T00:43:03.101Z - Warning: Still no connection.
2014-04-27T00:43:03.101Z - Warning: Reconnecting in 5 seconds...
2014-04-27T00:43:08.105Z - Warning: Still no connection.
2014-04-27T00:43:08.105Z - Warning: Reconnecting in 5 seconds...
2014-04-27T00:43:13.109Z - Warning: Still no connection.
2014-04-27T00:43:13.109Z - Warning: Reconnecting in 5 seconds...
2014-04-27T00:43:18.113Z - Warning: Still no connection.
2014-04-27T00:43:18.113Z - Warning: Reconnecting in 5 seconds...
2014-04-27T00:43:23.114Z - Warning: Still no connection.
2014-04-27T00:43:23.114Z - Warning: Reconnecting in 5 seconds...
2014-04-27T00:43:28.118Z - Warning: Still no connection.
2014-04-27T00:43:28.118Z - Warning: Reconnecting in 5 seconds...
2014-04-27T00:43:33.119Z - Warning: Still no connection.
2014-04-27T00:43:33.120Z - Warning: Reconnecting in 5 seconds...
2014-04-27T00:43:38.124Z - Warning: Still no connection.
2014-04-27T00:43:38.124Z - Warning: Reconnecting in 5 seconds...
2014-04-27T00:43:43.128Z - Warning: Still no connection.
2014-04-27T00:43:43.129Z - Warning: Reconnecting in 5 seconds...
2014-04-27T00:43:48.132Z - Warning: Still no connection.
2014-04-27T00:43:48.132Z - Warning: Reconnecting in 5 seconds...
2014-04-27T00:43:53.132Z - Warning: Still no connection.
2014-04-27T00:43:53.132Z - Warning: Reconnecting in 5 seconds...
2014-04-27T00:43:58.136Z - Warning: Still no connection.
2014-04-27T00:43:58.137Z - Warning: Reconnecting in 5 seconds...
2014-04-27T00:44:03.138Z - Warning: Still no connection.
2014-04-27T00:44:03.138Z - Warning: Reconnecting in 5 seconds...
2014-04-27T00:44:08.140Z - Warning: Still no connection.
2014-04-27T00:44:08.140Z - Warning: Reconnecting in 5 seconds...
2014-04-27T00:44:13.144Z - Warning: Still no connection.
2014-04-27T00:44:13.144Z - Warning: Reconnecting in 5 seconds...
2014-04-27T00:44:18.149Z - Warning: Still no connection.
2014-04-27T00:44:18.149Z - Warning: Reconnecting in 5 seconds...
2014-04-27T00:44:23.150Z - Warning: Still no connection.
2014-04-27T00:44:23.150Z - Warning: Reconnecting in 5 seconds...
2014-04-27T00:44:28.151Z - Warning: Still no connection.
2014-04-27T00:44:28.151Z - Warning: Reconnecting in 5 seconds...
2014-04-27T00:44:33.152Z - Warning: Still no connection.
2014-04-27T00:44:33.152Z - Warning: Reconnecting in 5 seconds...
2014-04-27T00:44:38.154Z - Warning: Still no connection.
2014-04-27T00:44:38.154Z - Warning: Reconnecting in 5 seconds...
2014-04-27T00:44:43.157Z - Warning: Still no connection.
2014-04-27T00:44:43.157Z - Warning: Reconnecting in 5 seconds...
2014-04-27T00:44:48.161Z - Warning: Still no connection.
2014-04-27T00:44:48.161Z - Warning: Reconnecting in 5 seconds...
2014-04-27T00:44:53.161Z - Warning: Still no connection.
2014-04-27T00:44:53.162Z - Warning: Reconnecting in 5 seconds...
2014-04-27T00:44:58.164Z - Warning: Still no connection.
2014-04-27T00:44:58.164Z - Warning: Reconnecting in 5 seconds...
2014-04-27T00:45:03.168Z - Warning: Still no connection.
2014-04-27T00:45:03.168Z - Warning: Reconnecting in 5 seconds...
2014-04-27T00:45:08.172Z - Warning: Still no connection.
2014-04-27T00:45:08.173Z - Warning: Reconnecting in 5 seconds...
2014-04-27T00:45:13.176Z - Warning: Still no connection.
2014-04-27T00:45:13.176Z - Warning: Reconnecting in 5 seconds...
2014-04-27T00:45:18.180Z - Warning: Still no connection.
2014-04-27T00:45:18.180Z - Warning: Reconnecting in 5 seconds...
2014-04-27T00:45:23.181Z - Warning: Still no connection.
2014-04-27T00:45:23.181Z - Warning: Reconnecting in 5 seconds...
2014-04-27T00:45:28.186Z - Warning: Still no connection.
2014-04-27T00:45:28.186Z - Warning: Reconnecting in 5 seconds...
2014-04-27T00:45:33.191Z - Warning: Still no connection.
2014-04-27T00:45:33.191Z - Warning: Reconnecting in 5 seconds...
2014-04-27T00:45:38.192Z - Warning: Still no connection.
2014-04-27T00:45:38.192Z - Warning: Reconnecting in 5 seconds...
