2014-04-27T03:26:42.810Z - Failure: Error: Cannot find module './mods/_info'
2014-04-27T03:26:42.811Z - Warning: Sorry, can't load _info mod :(
2014-04-27T03:26:42.811Z - Failure: Error: Cannot find module './mods/_me'
2014-04-27T03:26:42.811Z - Warning: Sorry, can't load _me mod :(
2014-04-27T03:26:42.811Z - Failure: Error: Cannot find module './mods/_chat'
2014-04-27T03:26:42.811Z - Warning: Sorry, can't load _chat mod :(
2014-04-27T03:26:42.811Z - Failure: Error: Cannot find module './mods/_injector'
2014-04-27T03:26:42.812Z - Warning: Sorry, can't load _injector mod :(
2014-04-27T03:26:42.813Z - Failure: Error: Cannot find module './mods/_ranks_mongo'
2014-04-27T03:26:42.813Z - Warning: Sorry, can't load _ranks_mongo mod :(
2014-04-27T03:26:42.813Z - Failure: Error: Cannot find module './mods/_counter'
2014-04-27T03:26:42.813Z - Warning: Sorry, can't load _counter mod :(
2014-04-27T03:26:42.820Z - Failure: Error: Cannot find module './mods/_beginner'
2014-04-27T03:26:42.820Z - Warning: Sorry, can't load _beginner mod :(
2014-04-27T03:26:42.821Z - Failure: Error: Cannot find module './mods/_window'
2014-04-27T03:26:42.821Z - Warning: Sorry, can't load _window mod :(
2014-04-27T03:31:51.924Z - Warning: Connection with server is lost.
2014-04-27T03:31:51.925Z - Warning: Reconnecting in 5 seconds...
2014-04-27T03:31:56.927Z - Warning: Still no connection.
2014-04-27T03:31:56.927Z - Warning: Reconnecting in 5 seconds...
2014-04-27T03:32:01.929Z - Warning: Still no connection.
2014-04-27T03:32:01.929Z - Warning: Reconnecting in 5 seconds...
2014-04-27T04:07:12.419Z - Warning: Connection with server is lost.
2014-04-27T04:07:12.419Z - Warning: Reconnecting in 5 seconds...
