2014-04-26T00:36:38.612Z - Failure: Error: Cannot find module './mods/_stats'
2014-04-26T00:36:38.612Z - Warning: Sorry, can't load _stats mod :(
2014-04-26T00:36:38.613Z - Failure: Error: Cannot find module './mods/_info'
2014-04-26T00:36:38.613Z - Warning: Sorry, can't load _info mod :(
2014-04-26T00:36:38.613Z - Failure: Error: Cannot find module './mods/_me'
2014-04-26T00:36:38.613Z - Warning: Sorry, can't load _me mod :(
2014-04-26T00:36:38.613Z - Failure: Error: Cannot find module './mods/_chat'
2014-04-26T00:36:38.613Z - Warning: Sorry, can't load _chat mod :(
2014-04-26T00:36:38.614Z - Failure: Error: Cannot find module './mods/_injector'
2014-04-26T00:36:38.614Z - Warning: Sorry, can't load _injector mod :(
2014-04-26T00:36:38.614Z - Failure: Error: Cannot find module './mods/_players'
2014-04-26T00:36:38.614Z - Warning: Sorry, can't load _players mod :(
2014-04-26T00:36:38.614Z - Failure: Error: Cannot find module './mods/_ranks_mongo'
2014-04-26T00:36:38.614Z - Warning: Sorry, can't load _ranks_mongo mod :(
2014-04-26T00:36:38.614Z - Failure: Error: Cannot find module './mods/_counter'
2014-04-26T00:36:38.615Z - Warning: Sorry, can't load _counter mod :(
2014-04-26T00:36:38.615Z - Failure: Error: Cannot find module './mods/_commands'
2014-04-26T00:36:38.615Z - Warning: Sorry, can't load _commands mod :(
2014-04-26T00:36:38.615Z - Failure: Error: Cannot find module './mods/_beginner'
2014-04-26T00:36:38.615Z - Warning: Sorry, can't load _beginner mod :(
2014-04-26T00:36:38.615Z - Failure: Error: Cannot find module './mods/rpg_demo'
2014-04-26T00:36:38.615Z - Warning: Sorry, can't load rpg_demo mod :(
