2014-04-26T19:52:34.067Z - Failure: Error: Cannot find module './mods/_counter'
2014-04-26T19:52:34.067Z - Warning: Sorry, can't load _counter mod :(
2014-04-26T19:52:34.109Z - Failure: Error: Cannot find module './mods/_rpg_demo'
2014-04-26T19:52:34.109Z - Warning: Sorry, can't load _rpg_demo mod :(
2014-04-26T20:27:10.566Z - Warning: Connection with server is lost.
2014-04-26T20:27:10.568Z - Warning: Reconnecting in 5 seconds...
2014-04-26T20:27:15.569Z - Warning: Still no connection.
2014-04-26T20:27:15.569Z - Warning: Reconnecting in 5 seconds...
2014-04-26T20:27:20.573Z - Warning: Still no connection.
2014-04-26T20:27:20.573Z - Warning: Reconnecting in 5 seconds...
2014-04-26T20:27:25.577Z - Warning: Still no connection.
2014-04-26T20:27:25.577Z - Warning: Reconnecting in 5 seconds...
2014-04-26T20:27:30.579Z - Warning: Still no connection.
2014-04-26T20:27:30.579Z - Warning: Reconnecting in 5 seconds...
2014-04-26T20:27:35.581Z - Warning: Still no connection.
2014-04-26T20:27:35.581Z - Warning: Reconnecting in 5 seconds...
2014-04-26T20:27:40.585Z - Warning: Still no connection.
2014-04-26T20:27:40.585Z - Warning: Reconnecting in 5 seconds...
2014-04-26T20:27:45.589Z - Warning: Still no connection.
2014-04-26T20:27:45.589Z - Warning: Reconnecting in 5 seconds...
2014-04-26T20:27:50.593Z - Warning: Still no connection.
2014-04-26T20:27:50.593Z - Warning: Reconnecting in 5 seconds...
2014-04-26T20:27:55.597Z - Warning: Still no connection.
2014-04-26T20:27:55.597Z - Warning: Reconnecting in 5 seconds...
2014-04-26T20:28:00.597Z - Warning: Still no connection.
2014-04-26T20:28:00.597Z - Warning: Reconnecting in 5 seconds...
2014-04-26T20:28:05.599Z - Warning: Still no connection.
2014-04-26T20:28:05.599Z - Warning: Reconnecting in 5 seconds...
2014-04-26T20:28:10.603Z - Warning: Still no connection.
2014-04-26T20:28:10.603Z - Warning: Reconnecting in 5 seconds...
2014-04-26T20:28:15.607Z - Warning: Still no connection.
2014-04-26T20:28:15.607Z - Warning: Reconnecting in 5 seconds...
2014-04-26T20:28:20.609Z - Warning: Still no connection.
2014-04-26T20:28:20.609Z - Warning: Reconnecting in 5 seconds...
2014-04-26T20:28:25.611Z - Warning: Still no connection.
2014-04-26T20:28:25.611Z - Warning: Reconnecting in 5 seconds...
2014-04-26T20:28:30.615Z - Warning: Still no connection.
2014-04-26T20:28:30.615Z - Warning: Reconnecting in 5 seconds...
2014-04-26T20:28:35.617Z - Warning: Still no connection.
2014-04-26T20:28:35.617Z - Warning: Reconnecting in 5 seconds...
2014-04-26T20:28:40.620Z - Warning: Still no connection.
2014-04-26T20:28:40.620Z - Warning: Reconnecting in 5 seconds...
2014-04-26T20:28:45.620Z - Warning: Still no connection.
2014-04-26T20:28:45.620Z - Warning: Reconnecting in 5 seconds...
2014-04-26T20:28:50.625Z - Warning: Still no connection.
2014-04-26T20:28:50.625Z - Warning: Reconnecting in 5 seconds...
2014-04-26T20:28:55.631Z - Warning: Still no connection.
2014-04-26T20:28:55.631Z - Warning: Reconnecting in 5 seconds...
2014-04-26T20:29:00.632Z - Warning: Still no connection.
2014-04-26T20:29:00.633Z - Warning: Reconnecting in 5 seconds...
2014-04-26T20:29:05.633Z - Warning: Still no connection.
2014-04-26T20:29:05.633Z - Warning: Reconnecting in 5 seconds...
2014-04-26T20:29:10.637Z - Warning: Still no connection.
2014-04-26T20:29:10.638Z - Warning: Reconnecting in 5 seconds...
2014-04-26T20:29:15.641Z - Warning: Still no connection.
2014-04-26T20:29:15.641Z - Warning: Reconnecting in 5 seconds...
2014-04-26T20:29:20.645Z - Warning: Still no connection.
2014-04-26T20:29:20.645Z - Warning: Reconnecting in 5 seconds...
2014-04-26T20:29:25.649Z - Warning: Still no connection.
2014-04-26T20:29:25.649Z - Warning: Reconnecting in 5 seconds...
2014-04-26T20:29:30.653Z - Warning: Still no connection.
2014-04-26T20:29:30.653Z - Warning: Reconnecting in 5 seconds...
2014-04-26T20:29:35.654Z - Warning: Still no connection.
2014-04-26T20:29:35.654Z - Warning: Reconnecting in 5 seconds...
2014-04-26T20:29:40.659Z - Warning: Still no connection.
2014-04-26T20:29:40.659Z - Warning: Reconnecting in 5 seconds...
2014-04-26T20:29:45.663Z - Warning: Still no connection.
2014-04-26T20:29:45.663Z - Warning: Reconnecting in 5 seconds...
2014-04-26T20:29:50.666Z - Warning: Still no connection.
2014-04-26T20:29:50.666Z - Warning: Reconnecting in 5 seconds...
2014-04-26T20:29:55.671Z - Warning: Still no connection.
2014-04-26T20:29:55.671Z - Warning: Reconnecting in 5 seconds...
2014-04-26T20:30:00.673Z - Warning: Still no connection.
2014-04-26T20:30:00.673Z - Warning: Reconnecting in 5 seconds...
2014-04-26T20:30:05.676Z - Warning: Still no connection.
2014-04-26T20:30:05.676Z - Warning: Reconnecting in 5 seconds...
2014-04-26T20:30:10.681Z - Warning: Still no connection.
2014-04-26T20:30:10.681Z - Warning: Reconnecting in 5 seconds...
2014-04-26T20:30:15.685Z - Warning: Still no connection.
2014-04-26T20:30:15.685Z - Warning: Reconnecting in 5 seconds...
2014-04-26T20:30:20.689Z - Warning: Still no connection.
2014-04-26T20:30:20.689Z - Warning: Reconnecting in 5 seconds...
2014-04-26T20:30:25.694Z - Warning: Still no connection.
2014-04-26T20:30:25.694Z - Warning: Reconnecting in 5 seconds...
2014-04-26T20:30:30.697Z - Warning: Still no connection.
2014-04-26T20:30:30.697Z - Warning: Reconnecting in 5 seconds...
2014-04-26T20:30:35.699Z - Warning: Still no connection.
2014-04-26T20:30:35.699Z - Warning: Reconnecting in 5 seconds...
2014-04-26T20:30:40.703Z - Warning: Still no connection.
2014-04-26T20:30:40.703Z - Warning: Reconnecting in 5 seconds...
2014-04-26T20:30:45.705Z - Warning: Still no connection.
2014-04-26T20:30:45.705Z - Warning: Reconnecting in 5 seconds...
2014-04-26T20:30:50.709Z - Warning: Still no connection.
2014-04-26T20:30:50.709Z - Warning: Reconnecting in 5 seconds...
