2014-04-27T01:12:12.811Z - Failure: Error: Cannot find module './mods/_info'
2014-04-27T01:12:12.812Z - Warning: Sorry, can't load _info mod :(
2014-04-27T01:12:12.812Z - Failure: Error: Cannot find module './mods/_me'
2014-04-27T01:12:12.812Z - Warning: Sorry, can't load _me mod :(
2014-04-27T01:12:12.812Z - Failure: Error: Cannot find module './mods/_chat'
2014-04-27T01:12:12.812Z - Warning: Sorry, can't load _chat mod :(
2014-04-27T01:12:12.813Z - Failure: Error: Cannot find module './mods/_injector'
2014-04-27T01:12:12.813Z - Warning: Sorry, can't load _injector mod :(
2014-04-27T01:12:12.814Z - Failure: Error: Cannot find module './mods/_ranks_mongo'
2014-04-27T01:12:12.814Z - Warning: Sorry, can't load _ranks_mongo mod :(
2014-04-27T01:12:12.814Z - Failure: Error: Cannot find module './mods/_counter'
2014-04-27T01:12:12.814Z - Warning: Sorry, can't load _counter mod :(
2014-04-27T01:12:12.821Z - Failure: Error: Cannot find module './mods/_beginner'
2014-04-27T01:12:12.821Z - Warning: Sorry, can't load _beginner mod :(
2014-04-27T01:12:12.822Z - Failure: Error: Cannot find module './mods/_window'
2014-04-27T01:12:12.822Z - Warning: Sorry, can't load _window mod :(
2014-04-27T01:23:00.499Z - Warning: Connection with server is lost.
2014-04-27T01:23:00.500Z - Warning: Reconnecting in 5 seconds...
2014-04-27T01:23:05.502Z - Warning: Still no connection.
2014-04-27T01:23:05.502Z - Warning: Reconnecting in 5 seconds...
2014-04-27T01:23:10.505Z - Warning: Still no connection.
2014-04-27T01:23:10.505Z - Warning: Reconnecting in 5 seconds...
2014-04-27T01:23:15.508Z - Warning: Still no connection.
2014-04-27T01:23:15.508Z - Warning: Reconnecting in 5 seconds...
2014-04-27T01:23:20.513Z - Warning: Still no connection.
2014-04-27T01:23:20.513Z - Warning: Reconnecting in 5 seconds...
2014-04-27T01:23:25.515Z - Warning: Still no connection.
2014-04-27T01:23:25.515Z - Warning: Reconnecting in 5 seconds...
2014-04-27T01:23:30.519Z - Warning: Still no connection.
2014-04-27T01:23:30.520Z - Warning: Reconnecting in 5 seconds...
2014-04-27T01:23:35.520Z - Warning: Still no connection.
2014-04-27T01:23:35.520Z - Warning: Reconnecting in 5 seconds...
2014-04-27T01:23:40.524Z - Warning: Still no connection.
2014-04-27T01:23:40.524Z - Warning: Reconnecting in 5 seconds...
2014-04-27T01:23:45.528Z - Warning: Still no connection.
2014-04-27T01:23:45.528Z - Warning: Reconnecting in 5 seconds...
2014-04-27T01:23:50.528Z - Warning: Still no connection.
2014-04-27T01:23:50.528Z - Warning: Reconnecting in 5 seconds...
2014-04-27T01:23:55.529Z - Warning: Still no connection.
2014-04-27T01:23:55.529Z - Warning: Reconnecting in 5 seconds...
2014-04-27T01:24:00.533Z - Warning: Still no connection.
2014-04-27T01:24:00.533Z - Warning: Reconnecting in 5 seconds...
2014-04-27T01:24:05.537Z - Warning: Still no connection.
2014-04-27T01:24:05.537Z - Warning: Reconnecting in 5 seconds...
2014-04-27T01:24:10.541Z - Warning: Still no connection.
2014-04-27T01:24:10.542Z - Warning: Reconnecting in 5 seconds...
2014-04-27T01:24:15.546Z - Warning: Still no connection.
2014-04-27T01:24:15.546Z - Warning: Reconnecting in 5 seconds...
2014-04-27T01:24:20.549Z - Warning: Still no connection.
2014-04-27T01:24:20.549Z - Warning: Reconnecting in 5 seconds...
2014-04-27T01:24:25.550Z - Warning: Still no connection.
2014-04-27T01:24:25.550Z - Warning: Reconnecting in 5 seconds...
2014-04-27T01:24:30.551Z - Warning: Still no connection.
2014-04-27T01:24:30.551Z - Warning: Reconnecting in 5 seconds...
2014-04-27T01:24:35.555Z - Warning: Still no connection.
2014-04-27T01:24:35.556Z - Warning: Reconnecting in 5 seconds...
2014-04-27T01:24:40.557Z - Warning: Still no connection.
2014-04-27T01:24:40.557Z - Warning: Reconnecting in 5 seconds...
2014-04-27T01:24:45.558Z - Warning: Still no connection.
2014-04-27T01:24:45.558Z - Warning: Reconnecting in 5 seconds...
2014-04-27T01:24:50.559Z - Warning: Still no connection.
2014-04-27T01:24:50.559Z - Warning: Reconnecting in 5 seconds...
2014-04-27T01:24:55.562Z - Warning: Still no connection.
2014-04-27T01:24:55.562Z - Warning: Reconnecting in 5 seconds...
