2014-04-27T00:57:03.781Z - Failure: Error: Cannot find module './mods/_info'
2014-04-27T00:57:03.782Z - Warning: Sorry, can't load _info mod :(
2014-04-27T00:57:03.782Z - Failure: Error: Cannot find module './mods/_me'
2014-04-27T00:57:03.782Z - Warning: Sorry, can't load _me mod :(
2014-04-27T00:57:03.783Z - Failure: Error: Cannot find module './mods/_chat'
2014-04-27T00:57:03.783Z - Warning: Sorry, can't load _chat mod :(
2014-04-27T00:57:03.783Z - Failure: Error: Cannot find module './mods/_injector'
2014-04-27T00:57:03.783Z - Warning: Sorry, can't load _injector mod :(
2014-04-27T00:57:03.784Z - Failure: Error: Cannot find module './mods/_ranks_mongo'
2014-04-27T00:57:03.784Z - Warning: Sorry, can't load _ranks_mongo mod :(
2014-04-27T00:57:03.784Z - Failure: Error: Cannot find module './mods/_counter'
2014-04-27T00:57:03.784Z - Warning: Sorry, can't load _counter mod :(
2014-04-27T00:57:03.791Z - Failure: Error: Cannot find module './mods/_beginner'
2014-04-27T00:57:03.791Z - Warning: Sorry, can't load _beginner mod :(
2014-04-27T00:57:03.792Z - Failure: Error: Cannot find module './mods/_window'
2014-04-27T00:57:03.792Z - Warning: Sorry, can't load _window mod :(
2014-04-27T01:01:28.919Z - Warning: Connection with server is lost.
2014-04-27T01:01:28.920Z - Warning: Reconnecting in 5 seconds...
2014-04-27T01:01:33.923Z - Warning: Still no connection.
2014-04-27T01:01:33.923Z - Warning: Reconnecting in 5 seconds...
2014-04-27T01:01:38.925Z - Warning: Still no connection.
2014-04-27T01:01:38.925Z - Warning: Reconnecting in 5 seconds...
2014-04-27T01:01:43.929Z - Warning: Still no connection.
2014-04-27T01:01:43.929Z - Warning: Reconnecting in 5 seconds...
2014-04-27T01:01:48.931Z - Warning: Still no connection.
2014-04-27T01:01:48.932Z - Warning: Reconnecting in 5 seconds...
2014-04-27T01:01:53.934Z - Warning: Still no connection.
2014-04-27T01:01:53.934Z - Warning: Reconnecting in 5 seconds...
