2014-04-26T03:20:11.236Z - Failure: Error: Cannot find module './mods/_info'
2014-04-26T03:20:11.237Z - Warning: Sorry, can't load _info mod :(
2014-04-26T03:20:11.237Z - Failure: Error: Cannot find module './mods/_me'
2014-04-26T03:20:11.237Z - Warning: Sorry, can't load _me mod :(
2014-04-26T03:20:11.237Z - Failure: Error: Cannot find module './mods/_chat'
2014-04-26T03:20:11.237Z - Warning: Sorry, can't load _chat mod :(
2014-04-26T03:20:11.237Z - Failure: Error: Cannot find module './mods/_injector'
2014-04-26T03:20:11.238Z - Warning: Sorry, can't load _injector mod :(
2014-04-26T03:20:11.238Z - Failure: Error: Cannot find module './mods/_players'
2014-04-26T03:20:11.238Z - Warning: Sorry, can't load _players mod :(
2014-04-26T03:20:11.238Z - Failure: Error: Cannot find module './mods/_ranks_mongo'
2014-04-26T03:20:11.238Z - Warning: Sorry, can't load _ranks_mongo mod :(
2014-04-26T03:20:11.238Z - Failure: Error: Cannot find module './mods/_counter'
2014-04-26T03:20:11.238Z - Warning: Sorry, can't load _counter mod :(
2014-04-26T03:20:11.239Z - Failure: Error: Cannot find module './mods/_commands'
2014-04-26T03:20:11.239Z - Warning: Sorry, can't load _commands mod :(
2014-04-26T03:20:11.239Z - Failure: Error: Cannot find module './mods/_beginner'
2014-04-26T03:20:11.239Z - Warning: Sorry, can't load _beginner mod :(
2014-04-26T03:21:16.053Z - Warning: Connection with server is lost.
2014-04-26T03:21:16.053Z - Warning: Reconnecting in 5 seconds...
